-------------------------------------------------------------------------------
Test set: runners.SpiegelRunner
-------------------------------------------------------------------------------
Tests run: 24, Failures: 1, Errors: 0, Skipped: 0, Time elapsed: 480.677 sec <<< FAILURE!
Spiegel plus read random section articles(Spiegel Plus)  Time elapsed: 8.589 sec  <<< FAILURE!
java.lang.AssertionError
	at org.junit.Assert.fail(Assert.java:86)
	at org.junit.Assert.assertTrue(Assert.java:41)
	at org.junit.Assert.assertTrue(Assert.java:52)
	at steps.SpiegelPlusSteps.clickSpiegelPlus(SpiegelPlusSteps.java:21)
	at ?.I click SpiegelPlus(file:///C:/MyWorkspace/guineenews/src/test/resources/features/spiegelPlus.feature:7)

