-------------------------------------------------------------------------------
Test set: runners.SpiegelCultureRunner
-------------------------------------------------------------------------------
Tests run: 37, Failures: 2, Errors: 15, Skipped: 0, Time elapsed: 1,809.88 sec <<< FAILURE!
Bestseller Books #1(Spiegel Kultur Bestseller)  Time elapsed: 38.942 sec  <<< ERROR!
java.lang.Exception: Error
Build info: version: '4.0.0-alpha-7', revision: 'de8579b6d5'
System info: host: 'LAPTOP-RN5VIIS5', ip: '192.168.142.1', os.name: 'Windows 10', os.arch: 'amd64', os.version: '10.0', java.version: '1.8.0_172'
Driver info: driver.version: unknown
	at steps.MenuSteps.i_click_top_menu(MenuSteps.java:84)
	at ?.I click TopMenu "Kultur"(file:///C:/MyWorkspace/guineenews/src/test/resources/features/bestseller.feature:9)

Bestseller Books #2(Spiegel Kultur Bestseller)  Time elapsed: 45.764 sec  <<< ERROR!
java.lang.NullPointerException
	at core.SeleniumDriverWrapper.clickElement(SeleniumDriverWrapper.java:157)
	at pages.BestSellerBasePage.clickElementElementExpandButton(BestSellerBasePage.java:91)
	at steps.BestsellerSteps.i_click_mehr_anzeigen(BestsellerSteps.java:60)
	at ?.I click mehr anzeigen(file:///C:/MyWorkspace/guineenews/src/test/resources/features/bestseller.feature:17)

Bestseller Books #3(Spiegel Kultur Bestseller)  Time elapsed: 46.572 sec  <<< ERROR!
java.lang.NullPointerException
	at core.SeleniumDriverWrapper.clickElement(SeleniumDriverWrapper.java:157)
	at pages.BestSellerBasePage.clickElementElementExpandButton(BestSellerBasePage.java:91)
	at steps.BestsellerSteps.i_click_mehr_anzeigen(BestsellerSteps.java:60)
	at ?.I click mehr anzeigen(file:///C:/MyWorkspace/guineenews/src/test/resources/features/bestseller.feature:17)

Bestseller DVD #1(Spiegel Kultur Bestseller)  Time elapsed: 58.588 sec  <<< ERROR!
java.lang.NullPointerException
	at core.SeleniumDriverWrapper.clickElement(SeleniumDriverWrapper.java:157)
	at pages.BestSellerBasePage.clickElementElementExpandButton(BestSellerBasePage.java:91)
	at steps.BestsellerSteps.i_click_mehr_anzeigen(BestsellerSteps.java:60)
	at ?.I click mehr anzeigen(file:///C:/MyWorkspace/guineenews/src/test/resources/features/bestseller.feature:39)

Bestseller DVD #2(Spiegel Kultur Bestseller)  Time elapsed: 59.443 sec  <<< ERROR!
java.lang.NullPointerException
	at core.SeleniumDriverWrapper.clickElement(SeleniumDriverWrapper.java:157)
	at pages.BestSellerBasePage.clickElementElementExpandButton(BestSellerBasePage.java:91)
	at steps.BestsellerSteps.i_click_mehr_anzeigen(BestsellerSteps.java:60)
	at ?.I click mehr anzeigen(file:///C:/MyWorkspace/guineenews/src/test/resources/features/bestseller.feature:39)

Bestseller Ratgeber #1(Spiegel Kultur Bestseller)  Time elapsed: 59.782 sec  <<< ERROR!
java.lang.NullPointerException
	at core.SeleniumDriverWrapper.clickElement(SeleniumDriverWrapper.java:157)
	at pages.BestSellerBasePage.clickElementElementExpandButton(BestSellerBasePage.java:91)
	at steps.BestsellerSteps.i_click_mehr_anzeigen(BestsellerSteps.java:60)
	at ?.I click mehr anzeigen(file:///C:/MyWorkspace/guineenews/src/test/resources/features/bestseller.feature:55)

Bestseller Ratgeber #2(Spiegel Kultur Bestseller)  Time elapsed: 61.777 sec  <<< ERROR!
java.lang.NullPointerException
	at core.SeleniumDriverWrapper.clickElement(SeleniumDriverWrapper.java:157)
	at pages.BestSellerBasePage.clickElementElementExpandButton(BestSellerBasePage.java:91)
	at steps.BestsellerSteps.i_click_mehr_anzeigen(BestsellerSteps.java:60)
	at ?.I click mehr anzeigen(file:///C:/MyWorkspace/guineenews/src/test/resources/features/bestseller.feature:55)

Bestseller Ratgeber #3(Spiegel Kultur Bestseller)  Time elapsed: 61.459 sec  <<< ERROR!
java.lang.NullPointerException
	at core.SeleniumDriverWrapper.clickElement(SeleniumDriverWrapper.java:157)
	at pages.BestSellerBasePage.clickElementElementExpandButton(BestSellerBasePage.java:91)
	at steps.BestsellerSteps.i_click_mehr_anzeigen(BestsellerSteps.java:60)
	at ?.I click mehr anzeigen(file:///C:/MyWorkspace/guineenews/src/test/resources/features/bestseller.feature:55)

Bestseller Ratgeber #4(Spiegel Kultur Bestseller)  Time elapsed: 58.189 sec  <<< ERROR!
java.lang.NullPointerException
	at core.SeleniumDriverWrapper.clickElement(SeleniumDriverWrapper.java:157)
	at pages.BestSellerBasePage.clickElementElementExpandButton(BestSellerBasePage.java:91)
	at steps.BestsellerSteps.i_click_mehr_anzeigen(BestsellerSteps.java:60)
	at ?.I click mehr anzeigen(file:///C:/MyWorkspace/guineenews/src/test/resources/features/bestseller.feature:55)

Bestseller KinderBuch #1(Spiegel Kultur Bestseller)  Time elapsed: 57.52 sec  <<< ERROR!
java.lang.NullPointerException
	at core.SeleniumDriverWrapper.clickElement(SeleniumDriverWrapper.java:157)
	at pages.BestSellerBasePage.clickElementElementExpandButton(BestSellerBasePage.java:91)
	at steps.BestsellerSteps.i_click_mehr_anzeigen(BestsellerSteps.java:60)
	at ?.I click mehr anzeigen(file:///C:/MyWorkspace/guineenews/src/test/resources/features/bestseller.feature:73)

Bestseller KinderBuch #2(Spiegel Kultur Bestseller)  Time elapsed: 58.552 sec  <<< ERROR!
java.lang.NullPointerException
	at core.SeleniumDriverWrapper.clickElement(SeleniumDriverWrapper.java:157)
	at pages.BestSellerBasePage.clickElementElementExpandButton(BestSellerBasePage.java:91)
	at steps.BestsellerSteps.i_click_mehr_anzeigen(BestsellerSteps.java:60)
	at ?.I click mehr anzeigen(file:///C:/MyWorkspace/guineenews/src/test/resources/features/bestseller.feature:73)

Bestseller KinderBuch #3(Spiegel Kultur Bestseller)  Time elapsed: 79.843 sec  <<< ERROR!
java.lang.NullPointerException
	at core.SeleniumDriverWrapper.clickElement(SeleniumDriverWrapper.java:157)
	at pages.BestSellerBasePage.clickElementElementExpandButton(BestSellerBasePage.java:91)
	at steps.BestsellerSteps.i_click_mehr_anzeigen(BestsellerSteps.java:60)
	at ?.I click mehr anzeigen(file:///C:/MyWorkspace/guineenews/src/test/resources/features/bestseller.feature:73)

Bestseller KinderBuch #4(Spiegel Kultur Bestseller)  Time elapsed: 60.392 sec  <<< ERROR!
java.lang.NullPointerException
	at core.SeleniumDriverWrapper.clickElement(SeleniumDriverWrapper.java:157)
	at pages.BestSellerBasePage.clickElementElementExpandButton(BestSellerBasePage.java:91)
	at steps.BestsellerSteps.i_click_mehr_anzeigen(BestsellerSteps.java:60)
	at ?.I click mehr anzeigen(file:///C:/MyWorkspace/guineenews/src/test/resources/features/bestseller.feature:73)

navigate on culture sub-menu #2(Spiegel Kultur)  Time elapsed: 69.259 sec  <<< FAILURE!
java.lang.AssertionError
	at org.junit.Assert.fail(Assert.java:86)
	at org.junit.Assert.assertTrue(Assert.java:41)
	at org.junit.Assert.assertTrue(Assert.java:52)
	at steps.CultureSteps.i_go_back_to_menu_kultur_der_spiegel(CultureSteps.java:31)
	at ?.I navigate back to Musik - Kultur - DER SPIEGEL(file:///C:/MyWorkspace/guineenews/src/test/resources/features/culturePage.feature:15)

navigate on culture sub-menu #3(Spiegel Kultur)  Time elapsed: 64.231 sec  <<< FAILURE!
java.lang.AssertionError
	at org.junit.Assert.fail(Assert.java:86)
	at org.junit.Assert.assertTrue(Assert.java:41)
	at org.junit.Assert.assertTrue(Assert.java:52)
	at steps.CultureSteps.i_go_back_to_menu_kultur_der_spiegel(CultureSteps.java:31)
	at ?.I navigate back to TV - Kultur - DER SPIEGEL(file:///C:/MyWorkspace/guineenews/src/test/resources/features/culturePage.feature:15)

block channel section #2(Spiegel StartPage)  Time elapsed: 133.669 sec  <<< ERROR!
java.lang.Exception: Error communicating with the remote browser. It may have died.
Build info: version: '4.0.0-alpha-7', revision: 'de8579b6d5'
System info: host: 'LAPTOP-RN5VIIS5', ip: '192.168.142.1', os.name: 'Windows 10', os.arch: 'amd64', os.version: '10.0', java.version: '1.8.0_172'
Driver info: driver.version: RemoteWebDriver
Capabilities {acceptInsecureCerts: false, browserName: chrome, browserVersion: 87.0.4280.66, chrome: {chromedriverVersion: 87.0.4280.20 (c99e81631faa0..., userDataDir: C:\Users\Lenovo\AppData\Loc...}, goog:chromeOptions: {debuggerAddress: localhost:62431}, javascriptEnabled: true, networkConnectionEnabled: false, pageLoadStrategy: normal, platform: WINDOWS, platformName: WINDOWS, proxy: Proxy(), setWindowRect: true, strictFileInteractability: false, timeouts: {implicit: 0, pageLoad: 300000, script: 30000}, unhandledPromptBehavior: dismiss and notify, webauthn:virtualAuthenticators: true}
Session ID: 4d54bc29c73f191ef48b2d193614959a
	at steps.StartpageSteps.i_click_article_of(StartpageSteps.java:55)
	at ?.On start page I click random article of netzwelt_channel(file:///C:/MyWorkspace/guineenews/src/test/resources/features/startPage.feature:66)

meist gelesene section(Spiegel StartPage)  Time elapsed: 134.21 sec  <<< ERROR!
java.lang.Exception: Error communicating with the remote browser. It may have died.
Build info: version: '4.0.0-alpha-7', revision: 'de8579b6d5'
System info: host: 'LAPTOP-RN5VIIS5', ip: '192.168.142.1', os.name: 'Windows 10', os.arch: 'amd64', os.version: '10.0', java.version: '1.8.0_172'
Driver info: driver.version: RemoteWebDriver
Capabilities {acceptInsecureCerts: false, browserName: chrome, browserVersion: 87.0.4280.66, chrome: {chromedriverVersion: 87.0.4280.20 (c99e81631faa0..., userDataDir: C:\Users\Lenovo\AppData\Loc...}, goog:chromeOptions: {debuggerAddress: localhost:62431}, javascriptEnabled: true, networkConnectionEnabled: false, pageLoadStrategy: normal, platform: WINDOWS, platformName: WINDOWS, proxy: Proxy(), setWindowRect: true, strictFileInteractability: false, timeouts: {implicit: 0, pageLoad: 300000, script: 30000}, unhandledPromptBehavior: dismiss and notify, webauthn:virtualAuthenticators: true}
Session ID: 4d54bc29c73f191ef48b2d193614959a
	at steps.StartpageSteps.i_click_article_of(StartpageSteps.java:55)
	at ?.On start page I click first article of meist_gelesene_section(file:///C:/MyWorkspace/guineenews/src/test/resources/features/startPage.feature:117)

