<?xml version="1.0" encoding="UTF-8" ?>
<testsuite tests="24" failures="3" name="runners.SpiegelRunner" time="536.888" errors="0" skipped="0">
  <properties>
[...]
</properties>
  <testcase classname="Spiegel Kultur #1" name="Bestseller Books #1" time="31.472"/>
  <testcase classname="Spiegel Kultur #1" name="Bestseller Books #2" time="22.154"/>
  <testcase classname="Spiegel Kultur #1" name="Bestseller Books #3" time="21.027"/>
  <testcase classname="Spiegel Kultur #1" name="Bestseller DVD #1" time="25.1"/>
  <testcase classname="Spiegel Kultur #1" name="Bestseller DVD #2" time="38.053">
    <failure type="java.lang.AssertionError">java.lang.AssertionError
	at org.junit.Assert.fail(Assert.java:86)
	at org.junit.Assert.assertTrue(Assert.java:41)
	at org.junit.Assert.assertTrue(Assert.java:52)
	at steps.BestsellerSteps.i_click_bei_vendor_kaufen(BestsellerSteps.java:73)
	at ✽.I click bei Thaila kaufen(file:///C:/MyWorkspace/guineenews/src/test/resources/features/bestseller.feature:43)
</failure>
    <system-out>
@spiegelCultureBestseller @bestsellerDVD
Scenario Outline: Bestseller DVD                  &amp;#27;[90m# src/test/resources/features/bestseller.feature:48&amp;#27;[0m
  &amp;#27;[32mGiven &amp;#27;[0m&amp;#27;[32mI start Spiegel&amp;#27;[0m                           &amp;#27;[90m# steps.MenuSteps.i_start_Spiegel()&amp;#27;[0m
  &amp;#27;[32mThen &amp;#27;[0m&amp;#27;[32mI click Akzeptieren und weiter&amp;#27;[0m             &amp;#27;[90m# steps.MenuSteps.i_click_Akzeptieren_und_weiter()&amp;#27;[0m
  &amp;#27;[32mThen &amp;#27;[0m&amp;#27;[32mI bring culture menu into view&amp;#27;[0m             &amp;#27;[90m# steps.CultureSteps.i_bring_culture_menu_into_view()&amp;#27;[0m
  &amp;#27;[32mAnd &amp;#27;[0m&amp;#27;[32mI click TopMenu culture&amp;#27;[0m                     &amp;#27;[90m# steps.CultureSteps.i_click_culture_menu()&amp;#27;[0m
  &amp;#27;[32mThen &amp;#27;[0m&amp;#27;[32mI click culture &amp;#27;[0m&amp;#27;[32m&amp;#27;[1mSPIEGEL-Bestseller&amp;#27;[0m         &amp;#27;[90m# steps.CultureSteps.i_click_menu(java.lang.String)&amp;#27;[0m
DVD
  &amp;#27;[32mThen &amp;#27;[0m&amp;#27;[32mI click bestseller &amp;#27;[0m&amp;#27;[32m&amp;#27;[1mDVD&amp;#27;[0m                     &amp;#27;[90m# steps.BestsellerSteps.i_click_bestseller_menu(java.lang.String)&amp;#27;[0m
(//div[@data-component=&apos;SwiperBar&apos;])[2]//ul//li//a[contains(@title,&apos;TV &amp; Hobby&apos;)]
  &amp;#27;[32mThen &amp;#27;[0m&amp;#27;[32mI click the bestseller sub_menu &amp;#27;[0m&amp;#27;[32m&amp;#27;[1mTV &amp; Hobby&amp;#27;[0m &amp;#27;[90m# steps.BestsellerSteps.i_click_bestseller_sub_menu(java.lang.String)&amp;#27;[0m
rdnr:..........4
xpath:..........(//div[@data-component=&apos;BestsellerAccordionSection&apos;])[4]
  &amp;#27;[32mThen &amp;#27;[0m&amp;#27;[32mI scroll to a random bestseller&amp;#27;[0m            &amp;#27;[90m# steps.BestsellerSteps.i_scroll_to_random_bestseller_element()&amp;#27;[0m
  &amp;#27;[32mThen &amp;#27;[0m&amp;#27;[32mI click mehr anzeigen&amp;#27;[0m                      &amp;#27;[90m# steps.BestsellerSteps.i_click_mehr_anzeigen()&amp;#27;[0m
  &amp;#27;[32mThen &amp;#27;[0m&amp;#27;[32mI move mouse over kaufen&amp;#27;[0m                   &amp;#27;[90m# steps.BestsellerSteps.i_move_mouse_over_kaufen()&amp;#27;[0m
..taking screenshot..
.. screenshot taken..
  &amp;#27;[31mThen &amp;#27;[0m&amp;#27;[31mI click bei &amp;#27;[0m&amp;#27;[31m&amp;#27;[1mThaila&amp;#27;[0m&amp;#27;[31m kaufen&amp;#27;[0m                  &amp;#27;[90m# steps.BestsellerSteps.i_click_bei_vendor_kaufen(java.lang.String)&amp;#27;[0m
      &amp;#27;[31mjava.lang.AssertionError
	at org.junit.Assert.fail(Assert.java:86)
	at org.junit.Assert.assertTrue(Assert.java:41)
	at org.junit.Assert.assertTrue(Assert.java:52)
	at steps.BestsellerSteps.i_click_bei_vendor_kaufen(BestsellerSteps.java:73)
	at âœ½.I click bei Thaila kaufen(file:///C:/MyWorkspace/guineenews/src/test/resources/features/bestseller.feature:43)
&amp;#27;[0m
  &amp;#27;[36mThen &amp;#27;[0m&amp;#27;[36mI close the &amp;#27;[0m&amp;#27;[36m&amp;#27;[1mThaila&amp;#27;[0m&amp;#27;[36m tab&amp;#27;[0m                     &amp;#27;[90m# steps.BestsellerSteps.i_close_vendor_tab(java.lang.String)&amp;#27;[0m
</system-out>
  </testcase>
  <testcase classname="Spiegel Kultur #1" name="Bestseller Ratgeber #1" time="23.765"/>
  <testcase classname="Spiegel Kultur #1" name="Bestseller Ratgeber #2" time="22.328"/>
  <testcase classname="Spiegel Kultur #1" name="Bestseller Ratgeber #3" time="21.822"/>
  <testcase classname="Spiegel Kultur #1" name="Bestseller Ratgeber #4" time="25.623"/>
  <testcase classname="Spiegel Kultur #1" name="Bestseller KinderBuch #1" time="21.252"/>
  <testcase classname="Spiegel Kultur #1" name="Bestseller KinderBuch #2" time="22.996"/>
  <testcase classname="Spiegel Kultur #1" name="Bestseller KinderBuch #3" time="21.994"/>
  <testcase classname="Spiegel Kultur #1" name="Bestseller KinderBuch #4" time="21.245"/>
  <testcase classname="Spiegel Kultur #2" name="navigate on culture sub-menu #1" time="20.971"/>
  <testcase classname="Spiegel Kultur #2" name="navigate on culture sub-menu #2" time="19.133"/>
  <testcase classname="Spiegel Kultur #2" name="navigate on culture sub-menu #3" time="16.916"/>
  <testcase classname="Spiegel Kultur #2" name="navigate on culture sub-menu #4" time="19.086"/>
  <testcase classname="Spiegel Kultur #2" name="navigate on culture sub-menu #5" time="20.381">
    <failure type="java.lang.AssertionError">java.lang.AssertionError
	at org.junit.Assert.fail(Assert.java:86)
	at org.junit.Assert.assertTrue(Assert.java:41)
	at org.junit.Assert.assertTrue(Assert.java:52)
	at steps.HelperSteps.i_go_back_to(HelperSteps.java:106)
	at ✽.I go back to &quot;Streaming - Kultur - DER SPIEGEL&quot;(file:///C:/MyWorkspace/guineenews/src/test/resources/features/culturePage.feature:15)
</failure>
    <system-out>
@spiegelCulture @culture
Scenario Outline: navigate on culture sub-menu              &amp;#27;[90m# src/test/resources/features/culturePage.feature:22&amp;#27;[0m
  &amp;#27;[32mGiven &amp;#27;[0m&amp;#27;[32mI start Spiegel&amp;#27;[0m                                     &amp;#27;[90m# steps.MenuSteps.i_start_Spiegel()&amp;#27;[0m
  &amp;#27;[32mThen &amp;#27;[0m&amp;#27;[32mI click Akzeptieren und weiter&amp;#27;[0m                       &amp;#27;[90m# steps.MenuSteps.i_click_Akzeptieren_und_weiter()&amp;#27;[0m
  &amp;#27;[32mThen &amp;#27;[0m&amp;#27;[32mI bring culture menu into view&amp;#27;[0m                       &amp;#27;[90m# steps.CultureSteps.i_bring_culture_menu_into_view()&amp;#27;[0m
  &amp;#27;[32mAnd &amp;#27;[0m&amp;#27;[32mI click TopMenu culture&amp;#27;[0m                               &amp;#27;[90m# steps.CultureSteps.i_click_culture_menu()&amp;#27;[0m
  &amp;#27;[32mThen &amp;#27;[0m&amp;#27;[32mI click culture &amp;#27;[0m&amp;#27;[32m&amp;#27;[1mStreaming&amp;#27;[0m                            &amp;#27;[90m# steps.CultureSteps.i_click_menu(java.lang.String)&amp;#27;[0m
  &amp;#27;[32mThen &amp;#27;[0m&amp;#27;[32mI click a &amp;#27;[0m&amp;#27;[32m&amp;#27;[1m&quot;random&quot;&amp;#27;[0m&amp;#27;[32m article of alle Beitraege section&amp;#27;[0m &amp;#27;[90m# steps.HelperSteps.i_click_article_of_alle_Beitraege_section(java.lang.String)&amp;#27;[0m
  &amp;#27;[32mThen &amp;#27;[0m&amp;#27;[32mI click page down &amp;#27;[0m&amp;#27;[32m&amp;#27;[1m3&amp;#27;[0m                                  &amp;#27;[90m# steps.HelperSteps.i_click_page_down(int)&amp;#27;[0m
  &amp;#27;[31mThen &amp;#27;[0m&amp;#27;[31mI go back to &amp;#27;[0m&amp;#27;[31m&amp;#27;[1m&quot;Streaming - Kultur - DER SPIEGEL&quot;&amp;#27;[0m      &amp;#27;[90m# steps.HelperSteps.i_go_back_to(java.lang.String)&amp;#27;[0m
      &amp;#27;[31mjava.lang.AssertionError
	at org.junit.Assert.fail(Assert.java:86)
	at org.junit.Assert.assertTrue(Assert.java:41)
	at org.junit.Assert.assertTrue(Assert.java:52)
	at steps.HelperSteps.i_go_back_to(HelperSteps.java:106)
	at âœ½.I go back to &quot;Streaming - Kultur - DER SPIEGEL&quot;(file:///C:/MyWorkspace/guineenews/src/test/resources/features/culturePage.feature:15)
&amp;#27;[0m
</system-out>
  </testcase>
  <testcase classname="Spiegel Kultur #2" name="navigate on culture sub-menu #6" time="20.207">
    <failure type="java.lang.AssertionError">java.lang.AssertionError
	at org.junit.Assert.fail(Assert.java:86)
	at org.junit.Assert.assertTrue(Assert.java:41)
	at org.junit.Assert.assertTrue(Assert.java:52)
	at steps.HelperSteps.i_go_back_to(HelperSteps.java:106)
	at ✽.I go back to &quot;Kunst - Kultur - DER SPIEGEL&quot;(file:///C:/MyWorkspace/guineenews/src/test/resources/features/culturePage.feature:15)
</failure>
    <system-out>
@spiegelCulture @culture
Scenario Outline: navigate on culture sub-menu              &amp;#27;[90m# src/test/resources/features/culturePage.feature:23&amp;#27;[0m
  &amp;#27;[32mGiven &amp;#27;[0m&amp;#27;[32mI start Spiegel&amp;#27;[0m                                     &amp;#27;[90m# steps.MenuSteps.i_start_Spiegel()&amp;#27;[0m
  &amp;#27;[32mThen &amp;#27;[0m&amp;#27;[32mI click Akzeptieren und weiter&amp;#27;[0m                       &amp;#27;[90m# steps.MenuSteps.i_click_Akzeptieren_und_weiter()&amp;#27;[0m
  &amp;#27;[32mThen &amp;#27;[0m&amp;#27;[32mI bring culture menu into view&amp;#27;[0m                       &amp;#27;[90m# steps.CultureSteps.i_bring_culture_menu_into_view()&amp;#27;[0m
  &amp;#27;[32mAnd &amp;#27;[0m&amp;#27;[32mI click TopMenu culture&amp;#27;[0m                               &amp;#27;[90m# steps.CultureSteps.i_click_culture_menu()&amp;#27;[0m
  &amp;#27;[32mThen &amp;#27;[0m&amp;#27;[32mI click culture &amp;#27;[0m&amp;#27;[32m&amp;#27;[1mKunst&amp;#27;[0m                                &amp;#27;[90m# steps.CultureSteps.i_click_menu(java.lang.String)&amp;#27;[0m
  &amp;#27;[32mThen &amp;#27;[0m&amp;#27;[32mI click a &amp;#27;[0m&amp;#27;[32m&amp;#27;[1m&quot;random&quot;&amp;#27;[0m&amp;#27;[32m article of alle Beitraege section&amp;#27;[0m &amp;#27;[90m# steps.HelperSteps.i_click_article_of_alle_Beitraege_section(java.lang.String)&amp;#27;[0m
  &amp;#27;[32mThen &amp;#27;[0m&amp;#27;[32mI click page down &amp;#27;[0m&amp;#27;[32m&amp;#27;[1m3&amp;#27;[0m                                  &amp;#27;[90m# steps.HelperSteps.i_click_page_down(int)&amp;#27;[0m
  &amp;#27;[31mThen &amp;#27;[0m&amp;#27;[31mI go back to &amp;#27;[0m&amp;#27;[31m&amp;#27;[1m&quot;Kunst - Kultur - DER SPIEGEL&quot;&amp;#27;[0m          &amp;#27;[90m# steps.HelperSteps.i_go_back_to(java.lang.String)&amp;#27;[0m
      &amp;#27;[31mjava.lang.AssertionError
	at org.junit.Assert.fail(Assert.java:86)
	at org.junit.Assert.assertTrue(Assert.java:41)
	at org.junit.Assert.assertTrue(Assert.java:52)
	at steps.HelperSteps.i_go_back_to(HelperSteps.java:106)
	at âœ½.I go back to &quot;Kunst - Kultur - DER SPIEGEL&quot;(file:///C:/MyWorkspace/guineenews/src/test/resources/features/culturePage.feature:15)
&amp;#27;[0m
</system-out>
  </testcase>
  <testcase classname="Spiegel 1" name="surf on menu page" time="8.481"/>
  <testcase classname="Spiegel Plus" name="Spiegel plus read section 1 articles" time="26.109"/>
  <testcase classname="Spiegel Plus" name="Spiegel plus read random section articles" time="28.6"/>
  <testcase classname="Spiegel Plus" name="Spiegel plus read audio section articles" time="20.592"/>
  <testcase classname="Spiegel Plus" name="Spiegel plus read alle Beiträge section articles" time="17.581"/>
</testsuite>