<?xml version="1.0" encoding="UTF-8" ?>
<testsuite tests="20" failures="0" name="runners.SpiegelMenuRunner" time="575.966" errors="0" skipped="0">
  <properties>
[...]
</properties>
  <testcase classname="Spiegel Left Menu Navigation" name="LeftMenuSearch #1" time="51.852"/>
  <testcase classname="Spiegel Left Menu Navigation" name="LeftMenuSearch #2" time="41.258"/>
  <testcase classname="Spiegel Left Menu Navigation" name="LeftMenuSearch #3" time="41.988"/>
  <testcase classname="Spiegel Left Menu Navigation" name="LeftMenuSearch #4" time="38.018"/>
  <testcase classname="Spiegel Left Menu Navigation" name="LeftMenuSearch #5" time="37.592"/>
  <testcase classname="Spiegel Left Menu Navigation" name="Leftmenu #1" time="28.397"/>
  <testcase classname="Spiegel Left Menu Navigation" name="Leftmenu #2" time="27.894"/>
  <testcase classname="Spiegel Left Menu Navigation" name="Leftmenu #3" time="25.082"/>
  <testcase classname="Spiegel Left Menu Navigation" name="Leftmenu #4" time="24.849"/>
  <testcase classname="Spiegel Left Menu Navigation" name="Leftmenu #5" time="23.24"/>
  <testcase classname="Spiegel Left Menu Navigation" name="Left Submenu #1" time="23.244"/>
  <testcase classname="Spiegel Left Menu Navigation" name="Left Submenu #2" time="22.813"/>
  <testcase classname="Spiegel Left Menu Navigation" name="Left Submenu #3" time="31.328"/>
  <testcase classname="Spiegel Left Menu Navigation" name="Left Submenu #4" time="24.835"/>
  <testcase classname="Spiegel Left Menu Navigation" name="Left Submenu #5" time="32.448"/>
  <testcase classname="Spiegel Left Menu Navigation" name="Left Submenu #6" time="22.839"/>
  <testcase classname="Spiegel Left Menu Navigation" name="Left Submenu #7" time="27.045"/>
  <testcase classname="Spiegel Left Menu Navigation" name="Left Submenu #8" time="26.628"/>
  <testcase classname="Spiegel Left Menu Navigation" name="Left Submenu #9" time="24.611"/>
  <testcase classname="Spiegel Left Menu Navigation" name="clossing browser" time="0.005"/>
</testsuite>