<?xml version="1.0" encoding="UTF-8" ?>
<testsuite tests="37" failures="0" name="runners.SpiegelCultureRunner" time="1,895.789" errors="1" skipped="0">
  <properties>
[...]
</properties>
  <testcase classname="Spiegel Kultur Bestseller" name="Bestseller Books #1" time="38.645">
    <error message="Error
Build info: version: &apos;3.141.59&apos;, revision: &apos;e82be7d358&apos;, time: &apos;2018-11-14T08:17:03&apos;
System info: host: &apos;LAPTOP-RN5VIIS5&apos;, ip: &apos;192.168.142.1&apos;, os.name: &apos;Windows 10&apos;, os.arch: &apos;amd64&apos;, os.version: &apos;10.0&apos;, java.version: &apos;1.8.0_172&apos;
Driver info: driver.version: unknown" type="java.lang.Exception">java.lang.Exception: Error
Build info: version: &apos;3.141.59&apos;, revision: &apos;e82be7d358&apos;, time: &apos;2018-11-14T08:17:03&apos;
System info: host: &apos;LAPTOP-RN5VIIS5&apos;, ip: &apos;192.168.142.1&apos;, os.name: &apos;Windows 10&apos;, os.arch: &apos;amd64&apos;, os.version: &apos;10.0&apos;, java.version: &apos;1.8.0_172&apos;
Driver info: driver.version: unknown
	at steps.MenuSteps.i_click_top_menu(MenuSteps.java:84)
	at ✽.I click TopMenu &quot;Kultur&quot;(file:///C:/MyWorkspace/guineenews/src/test/resources/features/bestseller.feature:9)
</error>
    <system-out>
@spiegelCultureBestseller @bestsellerbooks
Scenario Outline: Bestseller Books        &amp;#27;[90m# src/test/resources/features/bestseller.feature:26&amp;#27;[0m
  &amp;#27;[32mGiven &amp;#27;[0m&amp;#27;[32mI start Spiegel&amp;#27;[0m                   &amp;#27;[90m# steps.MenuSteps.i_start_Spiegel()&amp;#27;[0m
  &amp;#27;[32mThen &amp;#27;[0m&amp;#27;[32mI click Akzeptieren und weiter&amp;#27;[0m     &amp;#27;[90m# steps.MenuSteps.i_click_Akzeptieren_und_weiter()&amp;#27;[0m
..taking screenshot..
.. screenshot taken..
  &amp;#27;[32mThen &amp;#27;[0m&amp;#27;[32mI bring &amp;#27;[0m&amp;#27;[32m&amp;#27;[1m&quot;Kultur&quot;&amp;#27;[0m&amp;#27;[32m menu into view&amp;#27;[0m    &amp;#27;[90m# steps.MenuSteps.i_bring_top_menu_into_view(java.lang.String)&amp;#27;[0m
..taking screenshot..
.. screenshot taken..
..taking screenshot..
.. screenshot taken..
  &amp;#27;[31mAnd &amp;#27;[0m&amp;#27;[31mI click TopMenu &amp;#27;[0m&amp;#27;[31m&amp;#27;[1m&quot;Kultur&quot;&amp;#27;[0m            &amp;#27;[90m# steps.MenuSteps.i_click_top_menu(java.lang.String)&amp;#27;[0m
      &amp;#27;[31mjava.lang.Exception: Error
Build info: version: &apos;3.141.59&apos;, revision: &apos;e82be7d358&apos;, time: &apos;2018-11-14T08:17:03&apos;
System info: host: &apos;LAPTOP-RN5VIIS5&apos;, ip: &apos;192.168.142.1&apos;, os.name: &apos;Windows 10&apos;, os.arch: &apos;amd64&apos;, os.version: &apos;10.0&apos;, java.version: &apos;1.8.0_172&apos;
Driver info: driver.version: unknown
	at steps.MenuSteps.i_click_top_menu(MenuSteps.java:84)
	at âœ½.I click TopMenu &quot;Kultur&quot;(file:///C:/MyWorkspace/guineenews/src/test/resources/features/bestseller.feature:9)
&amp;#27;[0m
  &amp;#27;[36mThen &amp;#27;[0m&amp;#27;[36mI click culture &amp;#27;[0m&amp;#27;[36m&amp;#27;[1mSPIEGEL-Bestseller&amp;#27;[0m &amp;#27;[90m# steps.CultureSteps.i_click_menu(java.lang.String)&amp;#27;[0m
  &amp;#27;[36mThen &amp;#27;[0m&amp;#27;[36mI click bestseller &amp;#27;[0m&amp;#27;[36m&amp;#27;[1mSachbuch&amp;#27;[0m        &amp;#27;[90m# steps.BestsellerSteps.i_click_bestseller_menu(java.lang.String)&amp;#27;[0m
  &amp;#27;[36mThen &amp;#27;[0m&amp;#27;[36mI scroll to a random bestseller&amp;#27;[0m    &amp;#27;[90m# steps.BestsellerSteps.i_scroll_to_random_bestseller_element()&amp;#27;[0m
  &amp;#27;[36mThen &amp;#27;[0m&amp;#27;[36mI click mehr anzeigen&amp;#27;[0m              &amp;#27;[90m# steps.BestsellerSteps.i_click_mehr_anzeigen()&amp;#27;[0m
  &amp;#27;[36mThen &amp;#27;[0m&amp;#27;[36mI move mouse over kaufen&amp;#27;[0m           &amp;#27;[90m# steps.BestsellerSteps.i_move_mouse_over_kaufen()&amp;#27;[0m
  &amp;#27;[36mThen &amp;#27;[0m&amp;#27;[36mI click bei &amp;#27;[0m&amp;#27;[36m&amp;#27;[1mThaila&amp;#27;[0m&amp;#27;[36m kaufen&amp;#27;[0m          &amp;#27;[90m# steps.BestsellerSteps.i_click_bei_vendor_kaufen(java.lang.String)&amp;#27;[0m
  &amp;#27;[36mThen &amp;#27;[0m&amp;#27;[36mI close the &amp;#27;[0m&amp;#27;[36m&amp;#27;[1mThaila&amp;#27;[0m&amp;#27;[36m tab&amp;#27;[0m             &amp;#27;[90m# steps.BestsellerSteps.i_close_vendor_tab(java.lang.String)&amp;#27;[0m
</system-out>
    <system-err>Starting ChromeDriver 87.0.4280.20 (c99e81631faa0b2a448e658c0dbd8311fb04ddbd-refs/branch-heads/4280@{#355}) on port 36101
Only local connections are allowed.
Please see https://chromedriver.chromium.org/security-considerations for suggestions on keeping ChromeDriver safe.
ChromeDriver was started successfully.
Nov 27, 2020 8:16:39 PM org.openqa.selenium.remote.ProtocolHandshake createSession
INFORMATION: Detected dialect: W3C
</system-err>
  </testcase>
  <testcase classname="Spiegel Kultur Bestseller" name="Bestseller Books #2" time="51.941"/>
  <testcase classname="Spiegel Kultur Bestseller" name="Bestseller Books #3" time="57.433"/>
  <testcase classname="Spiegel Kultur Bestseller" name="Bestseller DVD #1" time="66.291"/>
  <testcase classname="Spiegel Kultur Bestseller" name="Bestseller DVD #2" time="69.681"/>
  <testcase classname="Spiegel Kultur Bestseller" name="Bestseller Ratgeber #1" time="69.197"/>
  <testcase classname="Spiegel Kultur Bestseller" name="Bestseller Ratgeber #2" time="66.921"/>
  <testcase classname="Spiegel Kultur Bestseller" name="Bestseller Ratgeber #3" time="69.185"/>
  <testcase classname="Spiegel Kultur Bestseller" name="Bestseller Ratgeber #4" time="68.146"/>
  <testcase classname="Spiegel Kultur Bestseller" name="Bestseller KinderBuch #1" time="68.561"/>
  <testcase classname="Spiegel Kultur Bestseller" name="Bestseller KinderBuch #2" time="70.243"/>
  <testcase classname="Spiegel Kultur Bestseller" name="Bestseller KinderBuch #3" time="92.59"/>
  <testcase classname="Spiegel Kultur Bestseller" name="Bestseller KinderBuch #4" time="73.734"/>
  <testcase classname="Spiegel Kultur" name="navigate on culture sub-menu #1" time="43.403"/>
  <testcase classname="Spiegel Kultur" name="navigate on culture sub-menu #2" time="44.84"/>
  <testcase classname="Spiegel Kultur" name="navigate on culture sub-menu #3" time="41.004"/>
  <testcase classname="Spiegel Kultur" name="navigate on culture sub-menu #4" time="38.53"/>
  <testcase classname="Spiegel Kultur" name="navigate on culture sub-menu #5" time="37.752"/>
  <testcase classname="Spiegel Kultur" name="navigate on culture sub-menu #6" time="41.251"/>
  <testcase classname="Spiegel StartPage" name="reading main article #1" time="30.691"/>
  <testcase classname="Spiegel StartPage" name="reading main article #2" time="28.333"/>
  <testcase classname="Spiegel StartPage" name="read news section articles" time="38.098"/>
  <testcase classname="Spiegel StartPage" name="alle Rubriken #1" time="25.298"/>
  <testcase classname="Spiegel StartPage" name="alle Rubriken #2" time="29.721"/>
  <testcase classname="Spiegel StartPage" name="alle Rubriken #3" time="25.737"/>
  <testcase classname="Spiegel StartPage" name="alle Rubriken #4" time="26.279"/>
  <testcase classname="Spiegel StartPage" name="stock section" time="16.572"/>
  <testcase classname="Spiegel StartPage" name="block channel section #1" time="28.916"/>
  <testcase classname="Spiegel StartPage" name="block channel section #2" time="26.916"/>
  <testcase classname="Spiegel StartPage" name="block channel section #3" time="26.578"/>
  <testcase classname="Spiegel StartPage" name="block channel section #4" time="26.096"/>
  <testcase classname="Spiegel StartPage" name="block channel section #5" time="20.933"/>
  <testcase classname="Spiegel StartPage" name="block channel section #6" time="26.926"/>
  <testcase classname="Spiegel StartPage" name="leben section articles" time="303.262"/>
  <testcase classname="Spiegel StartPage" name="highligh section" time="30.02"/>
  <testcase classname="Spiegel StartPage" name="top bei spiegel spiegel" time="35.92"/>
  <testcase classname="Spiegel StartPage" name="meist gelesene section" time="40.145"/>
</testsuite>