<?xml version="1.0" encoding="UTF-8" standalone="no"?>
<testsuite errors="0" failures="1" name="io.cucumber.core.plugin.JUnitFormatter" skipped="0" tests="5" time="266.45">
<testcase classname="Spiegel 1" name="surf on menu page" time="21.166">
<system-out><![CDATA[Given I start Spiegel.......................................................passed
Then I click Akzeptieren und weiter.........................................passed
]]></system-out>
</testcase>
<testcase classname="Spiegel 1" name="Spiegel plus read section 1 articles" time="99.778">
<system-out><![CDATA[Given I start Spiegel.......................................................passed
Then I click Akzeptieren und weiter.........................................passed
Then I click SpiegelPlus....................................................passed
Then I click first article of "first" section...............................passed
Then I scroll down..........................................................passed
Then I go back..............................................................passed
Then I click last article of "first" section................................passed
Then I scroll down..........................................................passed
Then I go back..............................................................passed
Then I paginate to "next" page..............................................passed
Then I scroll down..........................................................passed
Then I paginate to "previous" page..........................................passed
Then I click a random article of "first" section............................passed
Then I scroll down..........................................................passed
]]></system-out>
</testcase>
<testcase classname="Spiegel 1" name="Spiegel plus read random section articles" time="58.549">
<system-out><![CDATA[Given I start Spiegel.......................................................passed
Then I click Akzeptieren und weiter.........................................passed
Then I click SpiegelPlus....................................................passed
Then I scroll to "random" section...........................................passed
Then I click first article of "random" section..............................passed
Then I scroll down..........................................................passed
Then I go back..............................................................passed
Then I click a random article of "random" section...........................passed
Then I scroll down..........................................................passed
Then I go back..............................................................passed
]]></system-out>
</testcase>
<testcase classname="Spiegel 1" name="Spiegel plus read audio section articles" time="62.581">
<system-out><![CDATA[Given I start Spiegel.......................................................passed
Then I click Akzeptieren und weiter.........................................passed
Then I click SpiegelPlus....................................................passed
Then I scroll to "audio" section............................................passed
Then I click first article of "audio" section...............................passed
Then I scroll down..........................................................passed
Then I go back..............................................................passed
Then I click a random article of "audio" section............................passed
Then I scroll down..........................................................passed
Then I go back..............................................................passed
]]></system-out>
</testcase>
<testcase classname="Spiegel 1" name="Spiegel plus read alle Beiträge section articles" time="24.06">
<failure message="" type="java.lang.AssertionError"><![CDATA[Given I start Spiegel.......................................................passed
Then I click Akzeptieren und weiter.........................................passed
Then I click SpiegelPlus....................................................passed
Then I scroll to "alle_Beitraege" section...................................passed
Then I scroll to alle Beitraege "last" article..............................passed
Then I scroll to alle Beitraege "random" article............................passed
Then I click a "random" article of alle Beitraege section...................passed
Then I scroll down..........................................................passed
Then I go back..............................................................failed
Then I paginate to "next" page..............................................skipped

StackTrace:
java.lang.AssertionError
	at org.junit.Assert.fail(Assert.java:86)
	at org.junit.Assert.assertTrue(Assert.java:41)
	at org.junit.Assert.assertTrue(Assert.java:52)
	at steps.SpiegelPlusSteps.i_go_back(SpiegelPlusSteps.java:94)
	at ✽.I go back(file:///C:/MyWorkspace/guineenews/src/test/resources/features/spiegelPlus.feature:47)
]]></failure>
</testcase>
</testsuite>
