<?xml version="1.0" encoding="UTF-8" standalone="no"?>
<testsuite errors="0" failures="14" name="io.cucumber.core.plugin.JUnitFormatter" skipped="0" tests="39" time="968.469">
<testcase classname="Spiegel Kultur" name="Bestseller Books" time="45.992">
<failure message="" type="java.lang.AssertionError"><![CDATA[Given I start Spiegel.......................................................passed
Then I click Akzeptieren und weiter.........................................passed
Then I bring culture menu into view.........................................passed
And I click TopMenu culture.................................................passed
Then I click culture SPIEGEL-Bestseller.....................................passed
Then I click bestseller Sachbuch............................................passed
Then I scroll to a random bestseller........................................passed
Then I click mehr anzeigen..................................................passed
Then I move mouse over kaufen...............................................passed
Then I click bei Thaila kaufen..............................................failed
Then I close the Thaila tab.................................................skipped

StackTrace:
java.lang.AssertionError
	at org.junit.Assert.fail(Assert.java:86)
	at org.junit.Assert.assertTrue(Assert.java:41)
	at org.junit.Assert.assertTrue(Assert.java:52)
	at steps.BestsellerSteps.i_click_bei_vendor_kaufen(BestsellerSteps.java:73)
	at ✽.I click bei Thaila kaufen(file:///C:/MyWorkspace/guineenews/src/test/resources/features/bestseller.feature:22)
]]></failure>
</testcase>
<testcase classname="Spiegel Kultur" name="Bestseller Books 2" time="38.395">
<system-out><![CDATA[Given I start Spiegel.......................................................passed
Then I click Akzeptieren und weiter.........................................passed
Then I bring culture menu into view.........................................passed
And I click TopMenu culture.................................................passed
Then I click culture SPIEGEL-Bestseller.....................................passed
Then I click bestseller Belletristik........................................passed
Then I scroll to a random bestseller........................................passed
Then I click mehr anzeigen..................................................passed
Then I move mouse over kaufen...............................................passed
Then I click bei Amazon kaufen..............................................passed
Then I close the Amazon tab.................................................passed
]]></system-out>
</testcase>
<testcase classname="Spiegel Kultur" name="Bestseller Books 3" time="28.99">
<system-out><![CDATA[Given I start Spiegel.......................................................passed
Then I click Akzeptieren und weiter.........................................passed
Then I bring culture menu into view.........................................passed
And I click TopMenu culture.................................................passed
Then I click culture SPIEGEL-Bestseller.....................................passed
Then I click bestseller Kinder/ Jugend......................................passed
Then I scroll to a random bestseller........................................passed
Then I click mehr anzeigen..................................................passed
Then I move mouse over kaufen...............................................passed
Then I click bei Thaila kaufen..............................................passed
Then I close the Thaila tab.................................................passed
]]></system-out>
</testcase>
<testcase classname="Spiegel Kultur" name="Bestseller DVD" time="30.203">
<system-out><![CDATA[Given I start Spiegel.......................................................passed
Then I click Akzeptieren und weiter.........................................passed
Then I bring culture menu into view.........................................passed
And I click TopMenu culture.................................................passed
Then I click culture SPIEGEL-Bestseller.....................................passed
Then I click bestseller DVD.................................................passed
Then I click the bestseller sub_menu TV & Hobby.............................passed
Then I scroll to a random bestseller........................................passed
Then I click mehr anzeigen..................................................passed
Then I move mouse over kaufen...............................................passed
Then I click bei Amazon kaufen..............................................passed
Then I close the Amazon tab.................................................passed
]]></system-out>
</testcase>
<testcase classname="Spiegel Kultur" name="Bestseller DVD 2" time="29.356">
<system-out><![CDATA[Given I start Spiegel.......................................................passed
Then I click Akzeptieren und weiter.........................................passed
Then I bring culture menu into view.........................................passed
And I click TopMenu culture.................................................passed
Then I click culture SPIEGEL-Bestseller.....................................passed
Then I click bestseller DVD.................................................passed
Then I click the bestseller sub_menu TV & Hobby.............................passed
Then I scroll to a random bestseller........................................passed
Then I click mehr anzeigen..................................................passed
Then I move mouse over kaufen...............................................passed
Then I click bei Thaila kaufen..............................................passed
Then I close the Thaila tab.................................................passed
]]></system-out>
</testcase>
<testcase classname="Spiegel Kultur" name="Bestseller Ratgeber" time="28.973">
<system-out><![CDATA[Given I start Spiegel.......................................................passed
Then I click Akzeptieren und weiter.........................................passed
Then I bring culture menu into view.........................................passed
And I click TopMenu culture.................................................passed
Then I click culture SPIEGEL-Bestseller.....................................passed
Then I click bestseller Ratgeber............................................passed
Then I click the bestseller sub_menu Leben & Gesundheit.....................passed
Then I scroll to a random bestseller........................................passed
Then I click mehr anzeigen..................................................passed
Then I move mouse over kaufen...............................................passed
Then I click bei Thaila kaufen..............................................passed
Then I close the Thaila tab.................................................passed
]]></system-out>
</testcase>
<testcase classname="Spiegel Kultur" name="Bestseller Ratgeber 2" time="34.497">
<system-out><![CDATA[Given I start Spiegel.......................................................passed
Then I click Akzeptieren und weiter.........................................passed
Then I bring culture menu into view.........................................passed
And I click TopMenu culture.................................................passed
Then I click culture SPIEGEL-Bestseller.....................................passed
Then I click bestseller Ratgeber............................................passed
Then I click the bestseller sub_menu Essen & Trinken........................passed
Then I scroll to a random bestseller........................................passed
Then I click mehr anzeigen..................................................passed
Then I move mouse over kaufen...............................................passed
Then I click bei Amazon kaufen..............................................passed
Then I close the Amazon tab.................................................passed
]]></system-out>
</testcase>
<testcase classname="Spiegel Kultur" name="Bestseller Ratgeber 3" time="25.015">
<system-out><![CDATA[Given I start Spiegel.......................................................passed
Then I click Akzeptieren und weiter.........................................passed
Then I bring culture menu into view.........................................passed
And I click TopMenu culture.................................................passed
Then I click culture SPIEGEL-Bestseller.....................................passed
Then I click bestseller Ratgeber............................................passed
Then I click the bestseller sub_menu Natur & Garten.........................passed
Then I scroll to a random bestseller........................................passed
Then I click mehr anzeigen..................................................passed
Then I move mouse over kaufen...............................................passed
Then I click bei Thaila kaufen..............................................passed
Then I close the Thaila tab.................................................passed
]]></system-out>
</testcase>
<testcase classname="Spiegel Kultur" name="Bestseller Ratgeber 4" time="24.501">
<system-out><![CDATA[Given I start Spiegel.......................................................passed
Then I click Akzeptieren und weiter.........................................passed
Then I bring culture menu into view.........................................passed
And I click TopMenu culture.................................................passed
Then I click culture SPIEGEL-Bestseller.....................................passed
Then I click bestseller Ratgeber............................................passed
Then I click the bestseller sub_menu Hobby & Kreativität....................passed
Then I scroll to a random bestseller........................................passed
Then I click mehr anzeigen..................................................passed
Then I move mouse over kaufen...............................................passed
Then I click bei Amazon kaufen..............................................passed
Then I close the Amazon tab.................................................passed
]]></system-out>
</testcase>
<testcase classname="Spiegel Kultur" name="Bestseller KinderBuch" time="24.608">
<system-out><![CDATA[Given I start Spiegel.......................................................passed
Then I click Akzeptieren und weiter.........................................passed
Then I bring culture menu into view.........................................passed
And I click TopMenu culture.................................................passed
Then I click culture SPIEGEL-Bestseller.....................................passed
Then I click bestseller Kinder/ Jugend......................................passed
Then I click the bestseller sub_menu Kinderbuch.............................passed
Then I scroll to a random bestseller........................................passed
Then I click mehr anzeigen..................................................passed
Then I move mouse over kaufen...............................................passed
Then I click bei Amazon kaufen..............................................passed
Then I close the Amazon tab.................................................passed
]]></system-out>
</testcase>
<testcase classname="Spiegel Kultur" name="Bestseller KinderBuch 2" time="24.064">
<system-out><![CDATA[Given I start Spiegel.......................................................passed
Then I click Akzeptieren und weiter.........................................passed
Then I bring culture menu into view.........................................passed
And I click TopMenu culture.................................................passed
Then I click culture SPIEGEL-Bestseller.....................................passed
Then I click bestseller Kinder/ Jugend......................................passed
Then I click the bestseller sub_menu Jugendbuch.............................passed
Then I scroll to a random bestseller........................................passed
Then I click mehr anzeigen..................................................passed
Then I move mouse over kaufen...............................................passed
Then I click bei Thaila kaufen..............................................passed
Then I close the Thaila tab.................................................passed
]]></system-out>
</testcase>
<testcase classname="Spiegel Kultur" name="Bestseller KinderBuch 3" time="23.947">
<system-out><![CDATA[Given I start Spiegel.......................................................passed
Then I click Akzeptieren und weiter.........................................passed
Then I bring culture menu into view.........................................passed
And I click TopMenu culture.................................................passed
Then I click culture SPIEGEL-Bestseller.....................................passed
Then I click bestseller Kinder/ Jugend......................................passed
Then I click the bestseller sub_menu Bilderbuch.............................passed
Then I scroll to a random bestseller........................................passed
Then I click mehr anzeigen..................................................passed
Then I move mouse over kaufen...............................................passed
Then I click bei Thaila kaufen..............................................passed
Then I close the Thaila tab.................................................passed
]]></system-out>
</testcase>
<testcase classname="Spiegel Kultur" name="Bestseller KinderBuch 4" time="24.645">
<system-out><![CDATA[Given I start Spiegel.......................................................passed
Then I click Akzeptieren und weiter.........................................passed
Then I bring culture menu into view.........................................passed
And I click TopMenu culture.................................................passed
Then I click culture SPIEGEL-Bestseller.....................................passed
Then I click bestseller Kinder/ Jugend......................................passed
Then I click the bestseller sub_menu Hörbuch................................passed
Then I scroll to a random bestseller........................................passed
Then I click mehr anzeigen..................................................passed
Then I move mouse over kaufen...............................................passed
Then I click bei Amazon kaufen..............................................passed
Then I close the Amazon tab.................................................passed
]]></system-out>
</testcase>
<testcase classname="Spiegel Kultur" name="navigate on culture sub-menu" time="14.841">
<failure message="&quot;I click a &quot;random&quot; article of alle Beitraege section&quot; matches more than one step definition:&#10;  &quot;I click a {string} article of alle Beitraege section&quot; in steps.HelperSteps.i_click_article_of_alle_Beitraege_section(java.lang.String)&#10;  &quot;^I click (.*) article of (.*)$&quot; in steps.StartpageSteps.i_click_article_of(java.lang.String,java.lang.String)" type="io.cucumber.core.runner.AmbiguousStepDefinitionsException"><![CDATA[Given I start Spiegel.......................................................passed
Then I click Akzeptieren und weiter.........................................passed
Then I bring culture menu into view.........................................passed
And I click TopMenu culture.................................................passed
Then I click culture Kino...................................................passed
Then I click a "random" article of alle Beitraege section...................ambiguous
Then I click page down 3....................................................skipped
Then I navigate back to Kino - Kultur - DER SPIEGEL.........................skipped

StackTrace:
io.cucumber.core.runner.AmbiguousStepDefinitionsException: "I click a "random" article of alle Beitraege section" matches more than one step definition:
  "I click a {string} article of alle Beitraege section" in steps.HelperSteps.i_click_article_of_alle_Beitraege_section(java.lang.String)
  "^I click (.*) article of (.*)$" in steps.StartpageSteps.i_click_article_of(java.lang.String,java.lang.String)
	at io.cucumber.core.runner.CachingGlue.findStepDefinitionMatch(CachingGlue.java:373)
	at io.cucumber.core.runner.CachingGlue.stepDefinitionMatch(CachingGlue.java:341)
	at io.cucumber.core.runner.Runner.matchStepToStepDefinition(Runner.java:146)
	at io.cucumber.core.runner.Runner.createTestStepsForPickleSteps(Runner.java:126)
	at io.cucumber.core.runner.Runner.createTestCaseForPickle(Runner.java:109)
	at io.cucumber.core.runner.Runner.runPickle(Runner.java:70)
	at io.cucumber.junit.PickleRunners$NoStepDescriptions.run(PickleRunners.java:151)
	at io.cucumber.junit.FeatureRunner.runChild(FeatureRunner.java:135)
	at io.cucumber.junit.FeatureRunner.runChild(FeatureRunner.java:27)
	at org.junit.runners.ParentRunner$3.run(ParentRunner.java:290)
	at org.junit.runners.ParentRunner$1.schedule(ParentRunner.java:71)
	at org.junit.runners.ParentRunner.runChildren(ParentRunner.java:288)
	at org.junit.runners.ParentRunner.access$000(ParentRunner.java:58)
	at org.junit.runners.ParentRunner$2.evaluate(ParentRunner.java:268)
	at org.junit.runners.ParentRunner.run(ParentRunner.java:363)
	at io.cucumber.junit.Cucumber.runChild(Cucumber.java:199)
	at io.cucumber.junit.Cucumber.runChild(Cucumber.java:90)
	at org.junit.runners.ParentRunner$3.run(ParentRunner.java:290)
	at org.junit.runners.ParentRunner$1.schedule(ParentRunner.java:71)
	at org.junit.runners.ParentRunner.runChildren(ParentRunner.java:288)
	at org.junit.runners.ParentRunner.access$000(ParentRunner.java:58)
	at org.junit.runners.ParentRunner$2.evaluate(ParentRunner.java:268)
	at io.cucumber.junit.Cucumber$RunCucumber.evaluate(Cucumber.java:234)
	at org.junit.runners.ParentRunner.run(ParentRunner.java:363)
	at org.apache.maven.surefire.junit4.JUnit4Provider.execute(JUnit4Provider.java:252)
	at org.apache.maven.surefire.junit4.JUnit4Provider.executeTestSet(JUnit4Provider.java:141)
	at org.apache.maven.surefire.junit4.JUnit4Provider.invoke(JUnit4Provider.java:112)
	at sun.reflect.NativeMethodAccessorImpl.invoke0(Native Method)
	at sun.reflect.NativeMethodAccessorImpl.invoke(NativeMethodAccessorImpl.java:62)
	at sun.reflect.DelegatingMethodAccessorImpl.invoke(DelegatingMethodAccessorImpl.java:43)
	at java.lang.reflect.Method.invoke(Method.java:498)
	at org.apache.maven.surefire.util.ReflectionUtils.invokeMethodWithArray(ReflectionUtils.java:189)
	at org.apache.maven.surefire.booter.ProviderFactory$ProviderProxy.invoke(ProviderFactory.java:165)
	at org.apache.maven.surefire.booter.ProviderFactory.invokeProvider(ProviderFactory.java:85)
	at org.apache.maven.surefire.booter.ForkedBooter.runSuitesInProcess(ForkedBooter.java:115)
	at org.apache.maven.surefire.booter.ForkedBooter.main(ForkedBooter.java:75)
]]></failure>
</testcase>
<testcase classname="Spiegel Kultur" name="navigate on culture sub-menu 2" time="14.627">
<failure message="&quot;I click a &quot;random&quot; article of alle Beitraege section&quot; matches more than one step definition:&#10;  &quot;I click a {string} article of alle Beitraege section&quot; in steps.HelperSteps.i_click_article_of_alle_Beitraege_section(java.lang.String)&#10;  &quot;^I click (.*) article of (.*)$&quot; in steps.StartpageSteps.i_click_article_of(java.lang.String,java.lang.String)" type="io.cucumber.core.runner.AmbiguousStepDefinitionsException"><![CDATA[Given I start Spiegel.......................................................passed
Then I click Akzeptieren und weiter.........................................passed
Then I bring culture menu into view.........................................passed
And I click TopMenu culture.................................................passed
Then I click culture Musik..................................................passed
Then I click a "random" article of alle Beitraege section...................ambiguous
Then I click page down 3....................................................skipped
Then I navigate back to Musik - Kultur - DER SPIEGEL........................skipped

StackTrace:
io.cucumber.core.runner.AmbiguousStepDefinitionsException: "I click a "random" article of alle Beitraege section" matches more than one step definition:
  "I click a {string} article of alle Beitraege section" in steps.HelperSteps.i_click_article_of_alle_Beitraege_section(java.lang.String)
  "^I click (.*) article of (.*)$" in steps.StartpageSteps.i_click_article_of(java.lang.String,java.lang.String)
	at io.cucumber.core.runner.CachingGlue.findStepDefinitionMatch(CachingGlue.java:373)
	at io.cucumber.core.runner.CachingGlue.stepDefinitionMatch(CachingGlue.java:341)
	at io.cucumber.core.runner.Runner.matchStepToStepDefinition(Runner.java:146)
	at io.cucumber.core.runner.Runner.createTestStepsForPickleSteps(Runner.java:126)
	at io.cucumber.core.runner.Runner.createTestCaseForPickle(Runner.java:109)
	at io.cucumber.core.runner.Runner.runPickle(Runner.java:70)
	at io.cucumber.junit.PickleRunners$NoStepDescriptions.run(PickleRunners.java:151)
	at io.cucumber.junit.FeatureRunner.runChild(FeatureRunner.java:135)
	at io.cucumber.junit.FeatureRunner.runChild(FeatureRunner.java:27)
	at org.junit.runners.ParentRunner$3.run(ParentRunner.java:290)
	at org.junit.runners.ParentRunner$1.schedule(ParentRunner.java:71)
	at org.junit.runners.ParentRunner.runChildren(ParentRunner.java:288)
	at org.junit.runners.ParentRunner.access$000(ParentRunner.java:58)
	at org.junit.runners.ParentRunner$2.evaluate(ParentRunner.java:268)
	at org.junit.runners.ParentRunner.run(ParentRunner.java:363)
	at io.cucumber.junit.Cucumber.runChild(Cucumber.java:199)
	at io.cucumber.junit.Cucumber.runChild(Cucumber.java:90)
	at org.junit.runners.ParentRunner$3.run(ParentRunner.java:290)
	at org.junit.runners.ParentRunner$1.schedule(ParentRunner.java:71)
	at org.junit.runners.ParentRunner.runChildren(ParentRunner.java:288)
	at org.junit.runners.ParentRunner.access$000(ParentRunner.java:58)
	at org.junit.runners.ParentRunner$2.evaluate(ParentRunner.java:268)
	at io.cucumber.junit.Cucumber$RunCucumber.evaluate(Cucumber.java:234)
	at org.junit.runners.ParentRunner.run(ParentRunner.java:363)
	at org.apache.maven.surefire.junit4.JUnit4Provider.execute(JUnit4Provider.java:252)
	at org.apache.maven.surefire.junit4.JUnit4Provider.executeTestSet(JUnit4Provider.java:141)
	at org.apache.maven.surefire.junit4.JUnit4Provider.invoke(JUnit4Provider.java:112)
	at sun.reflect.NativeMethodAccessorImpl.invoke0(Native Method)
	at sun.reflect.NativeMethodAccessorImpl.invoke(NativeMethodAccessorImpl.java:62)
	at sun.reflect.DelegatingMethodAccessorImpl.invoke(DelegatingMethodAccessorImpl.java:43)
	at java.lang.reflect.Method.invoke(Method.java:498)
	at org.apache.maven.surefire.util.ReflectionUtils.invokeMethodWithArray(ReflectionUtils.java:189)
	at org.apache.maven.surefire.booter.ProviderFactory$ProviderProxy.invoke(ProviderFactory.java:165)
	at org.apache.maven.surefire.booter.ProviderFactory.invokeProvider(ProviderFactory.java:85)
	at org.apache.maven.surefire.booter.ForkedBooter.runSuitesInProcess(ForkedBooter.java:115)
	at org.apache.maven.surefire.booter.ForkedBooter.main(ForkedBooter.java:75)
]]></failure>
</testcase>
<testcase classname="Spiegel Kultur" name="navigate on culture sub-menu 3" time="12.936">
<failure message="&quot;I click a &quot;random&quot; article of alle Beitraege section&quot; matches more than one step definition:&#10;  &quot;I click a {string} article of alle Beitraege section&quot; in steps.HelperSteps.i_click_article_of_alle_Beitraege_section(java.lang.String)&#10;  &quot;^I click (.*) article of (.*)$&quot; in steps.StartpageSteps.i_click_article_of(java.lang.String,java.lang.String)" type="io.cucumber.core.runner.AmbiguousStepDefinitionsException"><![CDATA[Given I start Spiegel.......................................................passed
Then I click Akzeptieren und weiter.........................................passed
Then I bring culture menu into view.........................................passed
And I click TopMenu culture.................................................passed
Then I click culture TV.....................................................passed
Then I click a "random" article of alle Beitraege section...................ambiguous
Then I click page down 3....................................................skipped
Then I navigate back to TV - Kultur - DER SPIEGEL...........................skipped

StackTrace:
io.cucumber.core.runner.AmbiguousStepDefinitionsException: "I click a "random" article of alle Beitraege section" matches more than one step definition:
  "I click a {string} article of alle Beitraege section" in steps.HelperSteps.i_click_article_of_alle_Beitraege_section(java.lang.String)
  "^I click (.*) article of (.*)$" in steps.StartpageSteps.i_click_article_of(java.lang.String,java.lang.String)
	at io.cucumber.core.runner.CachingGlue.findStepDefinitionMatch(CachingGlue.java:373)
	at io.cucumber.core.runner.CachingGlue.stepDefinitionMatch(CachingGlue.java:341)
	at io.cucumber.core.runner.Runner.matchStepToStepDefinition(Runner.java:146)
	at io.cucumber.core.runner.Runner.createTestStepsForPickleSteps(Runner.java:126)
	at io.cucumber.core.runner.Runner.createTestCaseForPickle(Runner.java:109)
	at io.cucumber.core.runner.Runner.runPickle(Runner.java:70)
	at io.cucumber.junit.PickleRunners$NoStepDescriptions.run(PickleRunners.java:151)
	at io.cucumber.junit.FeatureRunner.runChild(FeatureRunner.java:135)
	at io.cucumber.junit.FeatureRunner.runChild(FeatureRunner.java:27)
	at org.junit.runners.ParentRunner$3.run(ParentRunner.java:290)
	at org.junit.runners.ParentRunner$1.schedule(ParentRunner.java:71)
	at org.junit.runners.ParentRunner.runChildren(ParentRunner.java:288)
	at org.junit.runners.ParentRunner.access$000(ParentRunner.java:58)
	at org.junit.runners.ParentRunner$2.evaluate(ParentRunner.java:268)
	at org.junit.runners.ParentRunner.run(ParentRunner.java:363)
	at io.cucumber.junit.Cucumber.runChild(Cucumber.java:199)
	at io.cucumber.junit.Cucumber.runChild(Cucumber.java:90)
	at org.junit.runners.ParentRunner$3.run(ParentRunner.java:290)
	at org.junit.runners.ParentRunner$1.schedule(ParentRunner.java:71)
	at org.junit.runners.ParentRunner.runChildren(ParentRunner.java:288)
	at org.junit.runners.ParentRunner.access$000(ParentRunner.java:58)
	at org.junit.runners.ParentRunner$2.evaluate(ParentRunner.java:268)
	at io.cucumber.junit.Cucumber$RunCucumber.evaluate(Cucumber.java:234)
	at org.junit.runners.ParentRunner.run(ParentRunner.java:363)
	at org.apache.maven.surefire.junit4.JUnit4Provider.execute(JUnit4Provider.java:252)
	at org.apache.maven.surefire.junit4.JUnit4Provider.executeTestSet(JUnit4Provider.java:141)
	at org.apache.maven.surefire.junit4.JUnit4Provider.invoke(JUnit4Provider.java:112)
	at sun.reflect.NativeMethodAccessorImpl.invoke0(Native Method)
	at sun.reflect.NativeMethodAccessorImpl.invoke(NativeMethodAccessorImpl.java:62)
	at sun.reflect.DelegatingMethodAccessorImpl.invoke(DelegatingMethodAccessorImpl.java:43)
	at java.lang.reflect.Method.invoke(Method.java:498)
	at org.apache.maven.surefire.util.ReflectionUtils.invokeMethodWithArray(ReflectionUtils.java:189)
	at org.apache.maven.surefire.booter.ProviderFactory$ProviderProxy.invoke(ProviderFactory.java:165)
	at org.apache.maven.surefire.booter.ProviderFactory.invokeProvider(ProviderFactory.java:85)
	at org.apache.maven.surefire.booter.ForkedBooter.runSuitesInProcess(ForkedBooter.java:115)
	at org.apache.maven.surefire.booter.ForkedBooter.main(ForkedBooter.java:75)
]]></failure>
</testcase>
<testcase classname="Spiegel Kultur" name="navigate on culture sub-menu 4" time="13.307">
<failure message="&quot;I click a &quot;random&quot; article of alle Beitraege section&quot; matches more than one step definition:&#10;  &quot;I click a {string} article of alle Beitraege section&quot; in steps.HelperSteps.i_click_article_of_alle_Beitraege_section(java.lang.String)&#10;  &quot;^I click (.*) article of (.*)$&quot; in steps.StartpageSteps.i_click_article_of(java.lang.String,java.lang.String)" type="io.cucumber.core.runner.AmbiguousStepDefinitionsException"><![CDATA[Given I start Spiegel.......................................................passed
Then I click Akzeptieren und weiter.........................................passed
Then I bring culture menu into view.........................................passed
And I click TopMenu culture.................................................passed
Then I click culture Literatur..............................................passed
Then I click a "random" article of alle Beitraege section...................ambiguous
Then I click page down 3....................................................skipped
Then I navigate back to Literatur - Kultur - DER SPIEGEL....................skipped

StackTrace:
io.cucumber.core.runner.AmbiguousStepDefinitionsException: "I click a "random" article of alle Beitraege section" matches more than one step definition:
  "I click a {string} article of alle Beitraege section" in steps.HelperSteps.i_click_article_of_alle_Beitraege_section(java.lang.String)
  "^I click (.*) article of (.*)$" in steps.StartpageSteps.i_click_article_of(java.lang.String,java.lang.String)
	at io.cucumber.core.runner.CachingGlue.findStepDefinitionMatch(CachingGlue.java:373)
	at io.cucumber.core.runner.CachingGlue.stepDefinitionMatch(CachingGlue.java:341)
	at io.cucumber.core.runner.Runner.matchStepToStepDefinition(Runner.java:146)
	at io.cucumber.core.runner.Runner.createTestStepsForPickleSteps(Runner.java:126)
	at io.cucumber.core.runner.Runner.createTestCaseForPickle(Runner.java:109)
	at io.cucumber.core.runner.Runner.runPickle(Runner.java:70)
	at io.cucumber.junit.PickleRunners$NoStepDescriptions.run(PickleRunners.java:151)
	at io.cucumber.junit.FeatureRunner.runChild(FeatureRunner.java:135)
	at io.cucumber.junit.FeatureRunner.runChild(FeatureRunner.java:27)
	at org.junit.runners.ParentRunner$3.run(ParentRunner.java:290)
	at org.junit.runners.ParentRunner$1.schedule(ParentRunner.java:71)
	at org.junit.runners.ParentRunner.runChildren(ParentRunner.java:288)
	at org.junit.runners.ParentRunner.access$000(ParentRunner.java:58)
	at org.junit.runners.ParentRunner$2.evaluate(ParentRunner.java:268)
	at org.junit.runners.ParentRunner.run(ParentRunner.java:363)
	at io.cucumber.junit.Cucumber.runChild(Cucumber.java:199)
	at io.cucumber.junit.Cucumber.runChild(Cucumber.java:90)
	at org.junit.runners.ParentRunner$3.run(ParentRunner.java:290)
	at org.junit.runners.ParentRunner$1.schedule(ParentRunner.java:71)
	at org.junit.runners.ParentRunner.runChildren(ParentRunner.java:288)
	at org.junit.runners.ParentRunner.access$000(ParentRunner.java:58)
	at org.junit.runners.ParentRunner$2.evaluate(ParentRunner.java:268)
	at io.cucumber.junit.Cucumber$RunCucumber.evaluate(Cucumber.java:234)
	at org.junit.runners.ParentRunner.run(ParentRunner.java:363)
	at org.apache.maven.surefire.junit4.JUnit4Provider.execute(JUnit4Provider.java:252)
	at org.apache.maven.surefire.junit4.JUnit4Provider.executeTestSet(JUnit4Provider.java:141)
	at org.apache.maven.surefire.junit4.JUnit4Provider.invoke(JUnit4Provider.java:112)
	at sun.reflect.NativeMethodAccessorImpl.invoke0(Native Method)
	at sun.reflect.NativeMethodAccessorImpl.invoke(NativeMethodAccessorImpl.java:62)
	at sun.reflect.DelegatingMethodAccessorImpl.invoke(DelegatingMethodAccessorImpl.java:43)
	at java.lang.reflect.Method.invoke(Method.java:498)
	at org.apache.maven.surefire.util.ReflectionUtils.invokeMethodWithArray(ReflectionUtils.java:189)
	at org.apache.maven.surefire.booter.ProviderFactory$ProviderProxy.invoke(ProviderFactory.java:165)
	at org.apache.maven.surefire.booter.ProviderFactory.invokeProvider(ProviderFactory.java:85)
	at org.apache.maven.surefire.booter.ForkedBooter.runSuitesInProcess(ForkedBooter.java:115)
	at org.apache.maven.surefire.booter.ForkedBooter.main(ForkedBooter.java:75)
]]></failure>
</testcase>
<testcase classname="Spiegel Kultur" name="navigate on culture sub-menu 5" time="14.184">
<failure message="&quot;I click a &quot;random&quot; article of alle Beitraege section&quot; matches more than one step definition:&#10;  &quot;I click a {string} article of alle Beitraege section&quot; in steps.HelperSteps.i_click_article_of_alle_Beitraege_section(java.lang.String)&#10;  &quot;^I click (.*) article of (.*)$&quot; in steps.StartpageSteps.i_click_article_of(java.lang.String,java.lang.String)" type="io.cucumber.core.runner.AmbiguousStepDefinitionsException"><![CDATA[Given I start Spiegel.......................................................passed
Then I click Akzeptieren und weiter.........................................passed
Then I bring culture menu into view.........................................passed
And I click TopMenu culture.................................................passed
Then I click culture Streaming..............................................passed
Then I click a "random" article of alle Beitraege section...................ambiguous
Then I click page down 3....................................................skipped
Then I navigate back to Streaming - Kultur - DER SPIEGEL....................skipped

StackTrace:
io.cucumber.core.runner.AmbiguousStepDefinitionsException: "I click a "random" article of alle Beitraege section" matches more than one step definition:
  "I click a {string} article of alle Beitraege section" in steps.HelperSteps.i_click_article_of_alle_Beitraege_section(java.lang.String)
  "^I click (.*) article of (.*)$" in steps.StartpageSteps.i_click_article_of(java.lang.String,java.lang.String)
	at io.cucumber.core.runner.CachingGlue.findStepDefinitionMatch(CachingGlue.java:373)
	at io.cucumber.core.runner.CachingGlue.stepDefinitionMatch(CachingGlue.java:341)
	at io.cucumber.core.runner.Runner.matchStepToStepDefinition(Runner.java:146)
	at io.cucumber.core.runner.Runner.createTestStepsForPickleSteps(Runner.java:126)
	at io.cucumber.core.runner.Runner.createTestCaseForPickle(Runner.java:109)
	at io.cucumber.core.runner.Runner.runPickle(Runner.java:70)
	at io.cucumber.junit.PickleRunners$NoStepDescriptions.run(PickleRunners.java:151)
	at io.cucumber.junit.FeatureRunner.runChild(FeatureRunner.java:135)
	at io.cucumber.junit.FeatureRunner.runChild(FeatureRunner.java:27)
	at org.junit.runners.ParentRunner$3.run(ParentRunner.java:290)
	at org.junit.runners.ParentRunner$1.schedule(ParentRunner.java:71)
	at org.junit.runners.ParentRunner.runChildren(ParentRunner.java:288)
	at org.junit.runners.ParentRunner.access$000(ParentRunner.java:58)
	at org.junit.runners.ParentRunner$2.evaluate(ParentRunner.java:268)
	at org.junit.runners.ParentRunner.run(ParentRunner.java:363)
	at io.cucumber.junit.Cucumber.runChild(Cucumber.java:199)
	at io.cucumber.junit.Cucumber.runChild(Cucumber.java:90)
	at org.junit.runners.ParentRunner$3.run(ParentRunner.java:290)
	at org.junit.runners.ParentRunner$1.schedule(ParentRunner.java:71)
	at org.junit.runners.ParentRunner.runChildren(ParentRunner.java:288)
	at org.junit.runners.ParentRunner.access$000(ParentRunner.java:58)
	at org.junit.runners.ParentRunner$2.evaluate(ParentRunner.java:268)
	at io.cucumber.junit.Cucumber$RunCucumber.evaluate(Cucumber.java:234)
	at org.junit.runners.ParentRunner.run(ParentRunner.java:363)
	at org.apache.maven.surefire.junit4.JUnit4Provider.execute(JUnit4Provider.java:252)
	at org.apache.maven.surefire.junit4.JUnit4Provider.executeTestSet(JUnit4Provider.java:141)
	at org.apache.maven.surefire.junit4.JUnit4Provider.invoke(JUnit4Provider.java:112)
	at sun.reflect.NativeMethodAccessorImpl.invoke0(Native Method)
	at sun.reflect.NativeMethodAccessorImpl.invoke(NativeMethodAccessorImpl.java:62)
	at sun.reflect.DelegatingMethodAccessorImpl.invoke(DelegatingMethodAccessorImpl.java:43)
	at java.lang.reflect.Method.invoke(Method.java:498)
	at org.apache.maven.surefire.util.ReflectionUtils.invokeMethodWithArray(ReflectionUtils.java:189)
	at org.apache.maven.surefire.booter.ProviderFactory$ProviderProxy.invoke(ProviderFactory.java:165)
	at org.apache.maven.surefire.booter.ProviderFactory.invokeProvider(ProviderFactory.java:85)
	at org.apache.maven.surefire.booter.ForkedBooter.runSuitesInProcess(ForkedBooter.java:115)
	at org.apache.maven.surefire.booter.ForkedBooter.main(ForkedBooter.java:75)
]]></failure>
</testcase>
<testcase classname="Spiegel Kultur" name="navigate on culture sub-menu 6" time="12.999">
<failure message="&quot;I click a &quot;random&quot; article of alle Beitraege section&quot; matches more than one step definition:&#10;  &quot;I click a {string} article of alle Beitraege section&quot; in steps.HelperSteps.i_click_article_of_alle_Beitraege_section(java.lang.String)&#10;  &quot;^I click (.*) article of (.*)$&quot; in steps.StartpageSteps.i_click_article_of(java.lang.String,java.lang.String)" type="io.cucumber.core.runner.AmbiguousStepDefinitionsException"><![CDATA[Given I start Spiegel.......................................................passed
Then I click Akzeptieren und weiter.........................................passed
Then I bring culture menu into view.........................................passed
And I click TopMenu culture.................................................passed
Then I click culture Kunst..................................................passed
Then I click a "random" article of alle Beitraege section...................ambiguous
Then I click page down 3....................................................skipped
Then I navigate back to Kunst - Kultur - DER SPIEGEL........................skipped

StackTrace:
io.cucumber.core.runner.AmbiguousStepDefinitionsException: "I click a "random" article of alle Beitraege section" matches more than one step definition:
  "I click a {string} article of alle Beitraege section" in steps.HelperSteps.i_click_article_of_alle_Beitraege_section(java.lang.String)
  "^I click (.*) article of (.*)$" in steps.StartpageSteps.i_click_article_of(java.lang.String,java.lang.String)
	at io.cucumber.core.runner.CachingGlue.findStepDefinitionMatch(CachingGlue.java:373)
	at io.cucumber.core.runner.CachingGlue.stepDefinitionMatch(CachingGlue.java:341)
	at io.cucumber.core.runner.Runner.matchStepToStepDefinition(Runner.java:146)
	at io.cucumber.core.runner.Runner.createTestStepsForPickleSteps(Runner.java:126)
	at io.cucumber.core.runner.Runner.createTestCaseForPickle(Runner.java:109)
	at io.cucumber.core.runner.Runner.runPickle(Runner.java:70)
	at io.cucumber.junit.PickleRunners$NoStepDescriptions.run(PickleRunners.java:151)
	at io.cucumber.junit.FeatureRunner.runChild(FeatureRunner.java:135)
	at io.cucumber.junit.FeatureRunner.runChild(FeatureRunner.java:27)
	at org.junit.runners.ParentRunner$3.run(ParentRunner.java:290)
	at org.junit.runners.ParentRunner$1.schedule(ParentRunner.java:71)
	at org.junit.runners.ParentRunner.runChildren(ParentRunner.java:288)
	at org.junit.runners.ParentRunner.access$000(ParentRunner.java:58)
	at org.junit.runners.ParentRunner$2.evaluate(ParentRunner.java:268)
	at org.junit.runners.ParentRunner.run(ParentRunner.java:363)
	at io.cucumber.junit.Cucumber.runChild(Cucumber.java:199)
	at io.cucumber.junit.Cucumber.runChild(Cucumber.java:90)
	at org.junit.runners.ParentRunner$3.run(ParentRunner.java:290)
	at org.junit.runners.ParentRunner$1.schedule(ParentRunner.java:71)
	at org.junit.runners.ParentRunner.runChildren(ParentRunner.java:288)
	at org.junit.runners.ParentRunner.access$000(ParentRunner.java:58)
	at org.junit.runners.ParentRunner$2.evaluate(ParentRunner.java:268)
	at io.cucumber.junit.Cucumber$RunCucumber.evaluate(Cucumber.java:234)
	at org.junit.runners.ParentRunner.run(ParentRunner.java:363)
	at org.apache.maven.surefire.junit4.JUnit4Provider.execute(JUnit4Provider.java:252)
	at org.apache.maven.surefire.junit4.JUnit4Provider.executeTestSet(JUnit4Provider.java:141)
	at org.apache.maven.surefire.junit4.JUnit4Provider.invoke(JUnit4Provider.java:112)
	at sun.reflect.NativeMethodAccessorImpl.invoke0(Native Method)
	at sun.reflect.NativeMethodAccessorImpl.invoke(NativeMethodAccessorImpl.java:62)
	at sun.reflect.DelegatingMethodAccessorImpl.invoke(DelegatingMethodAccessorImpl.java:43)
	at java.lang.reflect.Method.invoke(Method.java:498)
	at org.apache.maven.surefire.util.ReflectionUtils.invokeMethodWithArray(ReflectionUtils.java:189)
	at org.apache.maven.surefire.booter.ProviderFactory$ProviderProxy.invoke(ProviderFactory.java:165)
	at org.apache.maven.surefire.booter.ProviderFactory.invokeProvider(ProviderFactory.java:85)
	at org.apache.maven.surefire.booter.ForkedBooter.runSuitesInProcess(ForkedBooter.java:115)
	at org.apache.maven.surefire.booter.ForkedBooter.main(ForkedBooter.java:75)
]]></failure>
</testcase>
<testcase classname="Spiegel 1" name="surf on menu page" time="10.422">
<system-out><![CDATA[Given I start Spiegel.......................................................passed
Then I click Akzeptieren und weiter.........................................passed
]]></system-out>
</testcase>
<testcase classname="Spiegel Plus" name="Spiegel plus read section 1 articles" time="7.301">
<failure message="&quot;I click first article of &quot;first&quot; section&quot; matches more than one step definition:&#10;  &quot;I click first article of {string} section&quot; in steps.SpiegelPlusSteps.i_click_first_article_of_section(java.lang.String)&#10;  &quot;^I click (.*) article of (.*)$&quot; in steps.StartpageSteps.i_click_article_of(java.lang.String,java.lang.String)" type="io.cucumber.core.runner.AmbiguousStepDefinitionsException"><![CDATA[Given I start Spiegel.......................................................passed
Then I click SpiegelPlus....................................................passed
Then I click first article of "first" section...............................ambiguous
Then I click page down 3....................................................skipped
Then I go back to "Plus - DER SPIEGEL"......................................skipped
Then I click last article of "first" section................................ambiguous
Then I click page down 3....................................................skipped
Then I go back to "Plus - DER SPIEGEL"......................................skipped
Then I paginate to "next" page..............................................skipped
Then I click page down 3....................................................skipped
Then I paginate to "previous" page..........................................skipped
Then I click a random article of "first" section............................ambiguous
Then I click page down 3....................................................skipped

StackTrace:
io.cucumber.core.runner.AmbiguousStepDefinitionsException: "I click first article of "first" section" matches more than one step definition:
  "I click first article of {string} section" in steps.SpiegelPlusSteps.i_click_first_article_of_section(java.lang.String)
  "^I click (.*) article of (.*)$" in steps.StartpageSteps.i_click_article_of(java.lang.String,java.lang.String)
	at io.cucumber.core.runner.CachingGlue.findStepDefinitionMatch(CachingGlue.java:373)
	at io.cucumber.core.runner.CachingGlue.stepDefinitionMatch(CachingGlue.java:341)
	at io.cucumber.core.runner.Runner.matchStepToStepDefinition(Runner.java:146)
	at io.cucumber.core.runner.Runner.createTestStepsForPickleSteps(Runner.java:126)
	at io.cucumber.core.runner.Runner.createTestCaseForPickle(Runner.java:109)
	at io.cucumber.core.runner.Runner.runPickle(Runner.java:70)
	at io.cucumber.junit.PickleRunners$NoStepDescriptions.run(PickleRunners.java:151)
	at io.cucumber.junit.FeatureRunner.runChild(FeatureRunner.java:135)
	at io.cucumber.junit.FeatureRunner.runChild(FeatureRunner.java:27)
	at org.junit.runners.ParentRunner$3.run(ParentRunner.java:290)
	at org.junit.runners.ParentRunner$1.schedule(ParentRunner.java:71)
	at org.junit.runners.ParentRunner.runChildren(ParentRunner.java:288)
	at org.junit.runners.ParentRunner.access$000(ParentRunner.java:58)
	at org.junit.runners.ParentRunner$2.evaluate(ParentRunner.java:268)
	at org.junit.runners.ParentRunner.run(ParentRunner.java:363)
	at io.cucumber.junit.Cucumber.runChild(Cucumber.java:199)
	at io.cucumber.junit.Cucumber.runChild(Cucumber.java:90)
	at org.junit.runners.ParentRunner$3.run(ParentRunner.java:290)
	at org.junit.runners.ParentRunner$1.schedule(ParentRunner.java:71)
	at org.junit.runners.ParentRunner.runChildren(ParentRunner.java:288)
	at org.junit.runners.ParentRunner.access$000(ParentRunner.java:58)
	at org.junit.runners.ParentRunner$2.evaluate(ParentRunner.java:268)
	at io.cucumber.junit.Cucumber$RunCucumber.evaluate(Cucumber.java:234)
	at org.junit.runners.ParentRunner.run(ParentRunner.java:363)
	at org.apache.maven.surefire.junit4.JUnit4Provider.execute(JUnit4Provider.java:252)
	at org.apache.maven.surefire.junit4.JUnit4Provider.executeTestSet(JUnit4Provider.java:141)
	at org.apache.maven.surefire.junit4.JUnit4Provider.invoke(JUnit4Provider.java:112)
	at sun.reflect.NativeMethodAccessorImpl.invoke0(Native Method)
	at sun.reflect.NativeMethodAccessorImpl.invoke(NativeMethodAccessorImpl.java:62)
	at sun.reflect.DelegatingMethodAccessorImpl.invoke(DelegatingMethodAccessorImpl.java:43)
	at java.lang.reflect.Method.invoke(Method.java:498)
	at org.apache.maven.surefire.util.ReflectionUtils.invokeMethodWithArray(ReflectionUtils.java:189)
	at org.apache.maven.surefire.booter.ProviderFactory$ProviderProxy.invoke(ProviderFactory.java:165)
	at org.apache.maven.surefire.booter.ProviderFactory.invokeProvider(ProviderFactory.java:85)
	at org.apache.maven.surefire.booter.ForkedBooter.runSuitesInProcess(ForkedBooter.java:115)
	at org.apache.maven.surefire.booter.ForkedBooter.main(ForkedBooter.java:75)
]]></failure>
</testcase>
<testcase classname="Spiegel Plus" name="Spiegel plus read random section articles" time="11.912">
<failure message="&quot;I click first article of &quot;random&quot; section&quot; matches more than one step definition:&#10;  &quot;I click first article of {string} section&quot; in steps.SpiegelPlusSteps.i_click_first_article_of_section(java.lang.String)&#10;  &quot;^I click (.*) article of (.*)$&quot; in steps.StartpageSteps.i_click_article_of(java.lang.String,java.lang.String)" type="io.cucumber.core.runner.AmbiguousStepDefinitionsException"><![CDATA[Given I start Spiegel.......................................................passed
Then I click SpiegelPlus....................................................passed
Then I scroll to "random" section...........................................passed
Then I click first article of "random" section..............................ambiguous
Then I click page down 3....................................................skipped
Then I go back to "Plus - DER SPIEGEL"......................................skipped
Then I click a random article of "random" section...........................ambiguous
Then I click page down 3....................................................skipped
Then I go back to "Plus - DER SPIEGEL"......................................skipped

StackTrace:
io.cucumber.core.runner.AmbiguousStepDefinitionsException: "I click first article of "random" section" matches more than one step definition:
  "I click first article of {string} section" in steps.SpiegelPlusSteps.i_click_first_article_of_section(java.lang.String)
  "^I click (.*) article of (.*)$" in steps.StartpageSteps.i_click_article_of(java.lang.String,java.lang.String)
	at io.cucumber.core.runner.CachingGlue.findStepDefinitionMatch(CachingGlue.java:373)
	at io.cucumber.core.runner.CachingGlue.stepDefinitionMatch(CachingGlue.java:341)
	at io.cucumber.core.runner.Runner.matchStepToStepDefinition(Runner.java:146)
	at io.cucumber.core.runner.Runner.createTestStepsForPickleSteps(Runner.java:126)
	at io.cucumber.core.runner.Runner.createTestCaseForPickle(Runner.java:109)
	at io.cucumber.core.runner.Runner.runPickle(Runner.java:70)
	at io.cucumber.junit.PickleRunners$NoStepDescriptions.run(PickleRunners.java:151)
	at io.cucumber.junit.FeatureRunner.runChild(FeatureRunner.java:135)
	at io.cucumber.junit.FeatureRunner.runChild(FeatureRunner.java:27)
	at org.junit.runners.ParentRunner$3.run(ParentRunner.java:290)
	at org.junit.runners.ParentRunner$1.schedule(ParentRunner.java:71)
	at org.junit.runners.ParentRunner.runChildren(ParentRunner.java:288)
	at org.junit.runners.ParentRunner.access$000(ParentRunner.java:58)
	at org.junit.runners.ParentRunner$2.evaluate(ParentRunner.java:268)
	at org.junit.runners.ParentRunner.run(ParentRunner.java:363)
	at io.cucumber.junit.Cucumber.runChild(Cucumber.java:199)
	at io.cucumber.junit.Cucumber.runChild(Cucumber.java:90)
	at org.junit.runners.ParentRunner$3.run(ParentRunner.java:290)
	at org.junit.runners.ParentRunner$1.schedule(ParentRunner.java:71)
	at org.junit.runners.ParentRunner.runChildren(ParentRunner.java:288)
	at org.junit.runners.ParentRunner.access$000(ParentRunner.java:58)
	at org.junit.runners.ParentRunner$2.evaluate(ParentRunner.java:268)
	at io.cucumber.junit.Cucumber$RunCucumber.evaluate(Cucumber.java:234)
	at org.junit.runners.ParentRunner.run(ParentRunner.java:363)
	at org.apache.maven.surefire.junit4.JUnit4Provider.execute(JUnit4Provider.java:252)
	at org.apache.maven.surefire.junit4.JUnit4Provider.executeTestSet(JUnit4Provider.java:141)
	at org.apache.maven.surefire.junit4.JUnit4Provider.invoke(JUnit4Provider.java:112)
	at sun.reflect.NativeMethodAccessorImpl.invoke0(Native Method)
	at sun.reflect.NativeMethodAccessorImpl.invoke(NativeMethodAccessorImpl.java:62)
	at sun.reflect.DelegatingMethodAccessorImpl.invoke(DelegatingMethodAccessorImpl.java:43)
	at java.lang.reflect.Method.invoke(Method.java:498)
	at org.apache.maven.surefire.util.ReflectionUtils.invokeMethodWithArray(ReflectionUtils.java:189)
	at org.apache.maven.surefire.booter.ProviderFactory$ProviderProxy.invoke(ProviderFactory.java:165)
	at org.apache.maven.surefire.booter.ProviderFactory.invokeProvider(ProviderFactory.java:85)
	at org.apache.maven.surefire.booter.ForkedBooter.runSuitesInProcess(ForkedBooter.java:115)
	at org.apache.maven.surefire.booter.ForkedBooter.main(ForkedBooter.java:75)
]]></failure>
</testcase>
<testcase classname="Spiegel Plus" name="Spiegel plus read audio section articles" time="8.784">
<failure message="&quot;I click first article of &quot;audio&quot; section&quot; matches more than one step definition:&#10;  &quot;I click first article of {string} section&quot; in steps.SpiegelPlusSteps.i_click_first_article_of_section(java.lang.String)&#10;  &quot;^I click (.*) article of (.*)$&quot; in steps.StartpageSteps.i_click_article_of(java.lang.String,java.lang.String)" type="io.cucumber.core.runner.AmbiguousStepDefinitionsException"><![CDATA[Given I start Spiegel.......................................................passed
Then I click SpiegelPlus....................................................passed
Then I scroll to "audio" section............................................passed
Then I click first article of "audio" section...............................ambiguous
Then I click page down 3....................................................skipped
Then I go back to "Plus - DER SPIEGEL"......................................skipped
Then I click a random article of "audio" section............................ambiguous
Then I click page down 3....................................................skipped
Then I go back to "Plus - DER SPIEGEL"......................................skipped

StackTrace:
io.cucumber.core.runner.AmbiguousStepDefinitionsException: "I click first article of "audio" section" matches more than one step definition:
  "I click first article of {string} section" in steps.SpiegelPlusSteps.i_click_first_article_of_section(java.lang.String)
  "^I click (.*) article of (.*)$" in steps.StartpageSteps.i_click_article_of(java.lang.String,java.lang.String)
	at io.cucumber.core.runner.CachingGlue.findStepDefinitionMatch(CachingGlue.java:373)
	at io.cucumber.core.runner.CachingGlue.stepDefinitionMatch(CachingGlue.java:341)
	at io.cucumber.core.runner.Runner.matchStepToStepDefinition(Runner.java:146)
	at io.cucumber.core.runner.Runner.createTestStepsForPickleSteps(Runner.java:126)
	at io.cucumber.core.runner.Runner.createTestCaseForPickle(Runner.java:109)
	at io.cucumber.core.runner.Runner.runPickle(Runner.java:70)
	at io.cucumber.junit.PickleRunners$NoStepDescriptions.run(PickleRunners.java:151)
	at io.cucumber.junit.FeatureRunner.runChild(FeatureRunner.java:135)
	at io.cucumber.junit.FeatureRunner.runChild(FeatureRunner.java:27)
	at org.junit.runners.ParentRunner$3.run(ParentRunner.java:290)
	at org.junit.runners.ParentRunner$1.schedule(ParentRunner.java:71)
	at org.junit.runners.ParentRunner.runChildren(ParentRunner.java:288)
	at org.junit.runners.ParentRunner.access$000(ParentRunner.java:58)
	at org.junit.runners.ParentRunner$2.evaluate(ParentRunner.java:268)
	at org.junit.runners.ParentRunner.run(ParentRunner.java:363)
	at io.cucumber.junit.Cucumber.runChild(Cucumber.java:199)
	at io.cucumber.junit.Cucumber.runChild(Cucumber.java:90)
	at org.junit.runners.ParentRunner$3.run(ParentRunner.java:290)
	at org.junit.runners.ParentRunner$1.schedule(ParentRunner.java:71)
	at org.junit.runners.ParentRunner.runChildren(ParentRunner.java:288)
	at org.junit.runners.ParentRunner.access$000(ParentRunner.java:58)
	at org.junit.runners.ParentRunner$2.evaluate(ParentRunner.java:268)
	at io.cucumber.junit.Cucumber$RunCucumber.evaluate(Cucumber.java:234)
	at org.junit.runners.ParentRunner.run(ParentRunner.java:363)
	at org.apache.maven.surefire.junit4.JUnit4Provider.execute(JUnit4Provider.java:252)
	at org.apache.maven.surefire.junit4.JUnit4Provider.executeTestSet(JUnit4Provider.java:141)
	at org.apache.maven.surefire.junit4.JUnit4Provider.invoke(JUnit4Provider.java:112)
	at sun.reflect.NativeMethodAccessorImpl.invoke0(Native Method)
	at sun.reflect.NativeMethodAccessorImpl.invoke(NativeMethodAccessorImpl.java:62)
	at sun.reflect.DelegatingMethodAccessorImpl.invoke(DelegatingMethodAccessorImpl.java:43)
	at java.lang.reflect.Method.invoke(Method.java:498)
	at org.apache.maven.surefire.util.ReflectionUtils.invokeMethodWithArray(ReflectionUtils.java:189)
	at org.apache.maven.surefire.booter.ProviderFactory$ProviderProxy.invoke(ProviderFactory.java:165)
	at org.apache.maven.surefire.booter.ProviderFactory.invokeProvider(ProviderFactory.java:85)
	at org.apache.maven.surefire.booter.ForkedBooter.runSuitesInProcess(ForkedBooter.java:115)
	at org.apache.maven.surefire.booter.ForkedBooter.main(ForkedBooter.java:75)
]]></failure>
</testcase>
<testcase classname="Spiegel Plus" name="Spiegel plus read alle Beiträge section articles" time="8.784">
<failure message="&quot;I click a &quot;random&quot; article of alle Beitraege section&quot; matches more than one step definition:&#10;  &quot;I click a {string} article of alle Beitraege section&quot; in steps.HelperSteps.i_click_article_of_alle_Beitraege_section(java.lang.String)&#10;  &quot;^I click (.*) article of (.*)$&quot; in steps.StartpageSteps.i_click_article_of(java.lang.String,java.lang.String)" type="io.cucumber.core.runner.AmbiguousStepDefinitionsException"><![CDATA[Given I start Spiegel.......................................................passed
Then I click SpiegelPlus....................................................passed
Then I scroll to "alle_Beitraege" section...................................passed
Then I scroll to alle Beitraege "last" article..............................passed
Then I scroll to alle Beitraege "random" article............................passed
Then I click a "random" article of alle Beitraege section...................ambiguous
Then I click page down 3....................................................skipped
Then I go back to "Plus - DER SPIEGEL"......................................skipped
Then I paginate to "next" page..............................................skipped

StackTrace:
io.cucumber.core.runner.AmbiguousStepDefinitionsException: "I click a "random" article of alle Beitraege section" matches more than one step definition:
  "I click a {string} article of alle Beitraege section" in steps.HelperSteps.i_click_article_of_alle_Beitraege_section(java.lang.String)
  "^I click (.*) article of (.*)$" in steps.StartpageSteps.i_click_article_of(java.lang.String,java.lang.String)
	at io.cucumber.core.runner.CachingGlue.findStepDefinitionMatch(CachingGlue.java:373)
	at io.cucumber.core.runner.CachingGlue.stepDefinitionMatch(CachingGlue.java:341)
	at io.cucumber.core.runner.Runner.matchStepToStepDefinition(Runner.java:146)
	at io.cucumber.core.runner.Runner.createTestStepsForPickleSteps(Runner.java:126)
	at io.cucumber.core.runner.Runner.createTestCaseForPickle(Runner.java:109)
	at io.cucumber.core.runner.Runner.runPickle(Runner.java:70)
	at io.cucumber.junit.PickleRunners$NoStepDescriptions.run(PickleRunners.java:151)
	at io.cucumber.junit.FeatureRunner.runChild(FeatureRunner.java:135)
	at io.cucumber.junit.FeatureRunner.runChild(FeatureRunner.java:27)
	at org.junit.runners.ParentRunner$3.run(ParentRunner.java:290)
	at org.junit.runners.ParentRunner$1.schedule(ParentRunner.java:71)
	at org.junit.runners.ParentRunner.runChildren(ParentRunner.java:288)
	at org.junit.runners.ParentRunner.access$000(ParentRunner.java:58)
	at org.junit.runners.ParentRunner$2.evaluate(ParentRunner.java:268)
	at org.junit.runners.ParentRunner.run(ParentRunner.java:363)
	at io.cucumber.junit.Cucumber.runChild(Cucumber.java:199)
	at io.cucumber.junit.Cucumber.runChild(Cucumber.java:90)
	at org.junit.runners.ParentRunner$3.run(ParentRunner.java:290)
	at org.junit.runners.ParentRunner$1.schedule(ParentRunner.java:71)
	at org.junit.runners.ParentRunner.runChildren(ParentRunner.java:288)
	at org.junit.runners.ParentRunner.access$000(ParentRunner.java:58)
	at org.junit.runners.ParentRunner$2.evaluate(ParentRunner.java:268)
	at io.cucumber.junit.Cucumber$RunCucumber.evaluate(Cucumber.java:234)
	at org.junit.runners.ParentRunner.run(ParentRunner.java:363)
	at org.apache.maven.surefire.junit4.JUnit4Provider.execute(JUnit4Provider.java:252)
	at org.apache.maven.surefire.junit4.JUnit4Provider.executeTestSet(JUnit4Provider.java:141)
	at org.apache.maven.surefire.junit4.JUnit4Provider.invoke(JUnit4Provider.java:112)
	at sun.reflect.NativeMethodAccessorImpl.invoke0(Native Method)
	at sun.reflect.NativeMethodAccessorImpl.invoke(NativeMethodAccessorImpl.java:62)
	at sun.reflect.DelegatingMethodAccessorImpl.invoke(DelegatingMethodAccessorImpl.java:43)
	at java.lang.reflect.Method.invoke(Method.java:498)
	at org.apache.maven.surefire.util.ReflectionUtils.invokeMethodWithArray(ReflectionUtils.java:189)
	at org.apache.maven.surefire.booter.ProviderFactory$ProviderProxy.invoke(ProviderFactory.java:165)
	at org.apache.maven.surefire.booter.ProviderFactory.invokeProvider(ProviderFactory.java:85)
	at org.apache.maven.surefire.booter.ForkedBooter.runSuitesInProcess(ForkedBooter.java:115)
	at org.apache.maven.surefire.booter.ForkedBooter.main(ForkedBooter.java:75)
]]></failure>
</testcase>
<testcase classname="Spiegel StartPage" name="reading main article" time="33.585">
<failure message="" type="java.lang.AssertionError"><![CDATA[Given I start Spiegel.......................................................passed
Then I click Akzeptieren und weiter.........................................passed
Then I click start page main_article........................................passed
Then I click page down 6....................................................passed
Then I click page up 3......................................................passed
Then I go back to "DER SPIEGEL | Online-Nachrichten"........................failed

StackTrace:
java.lang.AssertionError
	at org.junit.Assert.fail(Assert.java:86)
	at org.junit.Assert.assertTrue(Assert.java:41)
	at org.junit.Assert.assertTrue(Assert.java:52)
	at steps.HelperSteps.i_go_back_to(HelperSteps.java:106)
	at ✽.I go back to "DER SPIEGEL | Online-Nachrichten"(file:///C:/MyWorkspace/guineenews/src/test/resources/features/startPage.feature:15)
]]></failure>
</testcase>
<testcase classname="Spiegel StartPage" name="read news section articles" time="44.36">
<system-out><![CDATA[Given I start Spiegel.......................................................passed
Then I click Akzeptieren und weiter.........................................passed
And I scroll to "news_section" on start page................................passed
Then I click first article of news_section..................................passed
Then I click page down 6....................................................passed
Then I click page up 3......................................................passed
Then I go back to "DER SPIEGEL | Online-Nachrichten"........................passed
And I scroll to "news section" on start page................................passed
Then I scroll to random article of news_section.............................passed
Then I click random article of news_section.................................passed
Then I click page down 6....................................................passed
Then I click page up 3......................................................passed
]]></system-out>
</testcase>
<testcase classname="Spiegel StartPage" name="alle Rubriken" time="31.899">
<system-out><![CDATA[Given I start Spiegel.......................................................passed
Then I click Akzeptieren und weiter.........................................passed
And I scroll to "alle_rubriken_section" on start page.......................passed
Then I click random article of sport_rubrik.................................passed
Then I click page down 6....................................................passed
Then I click page up 3......................................................passed
Then I go back to "DER SPIEGEL | Online-Nachrichten"........................passed
]]></system-out>
</testcase>
<testcase classname="Spiegel StartPage" name="alle Rubriken 2" time="31.999">
<system-out><![CDATA[Given I start Spiegel.......................................................passed
Then I click Akzeptieren und weiter.........................................passed
And I scroll to "alle_rubriken_section" on start page.......................passed
Then I click random article of politik_rubrik...............................passed
Then I click page down 6....................................................passed
Then I click page up 3......................................................passed
Then I go back to "DER SPIEGEL | Online-Nachrichten"........................passed
]]></system-out>
</testcase>
<testcase classname="Spiegel StartPage" name="alle Rubriken 3" time="27.513">
<system-out><![CDATA[Given I start Spiegel.......................................................passed
Then I click Akzeptieren und weiter.........................................passed
And I scroll to "alle_rubriken_section" on start page.......................passed
Then I click random article of wirtschaft_rubrik............................passed
Then I click page down 6....................................................passed
Then I click page up 3......................................................passed
Then I go back to "DER SPIEGEL | Online-Nachrichten"........................passed
]]></system-out>
</testcase>
<testcase classname="Spiegel StartPage" name="alle Rubriken 4" time="29.438">
<system-out><![CDATA[Given I start Spiegel.......................................................passed
Then I click Akzeptieren und weiter.........................................passed
And I scroll to "alle_rubriken_section" on start page.......................passed
Then I click random article of manager_magazin_rubrik.......................passed
Then I click page down 6....................................................passed
Then I click page up 3......................................................passed
Then I go back to "DER SPIEGEL | Online-Nachrichten"........................passed
]]></system-out>
</testcase>
<testcase classname="Spiegel StartPage" name="stock section" time="16.594">
<system-out><![CDATA[Given I start Spiegel.......................................................passed
Then I click Akzeptieren und weiter.........................................passed
And I scroll to "stock_section" on start page...............................passed
Then I click 3 "stock" section arrow "right"................................passed
Then I click 2 "stock" section arrow "left".................................passed
Then I click dow jones......................................................passed
Then I switch to "dow jones" tab............................................passed
Then I click page down 2....................................................passed
Then I switch to "spiegel" tab..............................................passed
]]></system-out>
</testcase>
<testcase classname="Spiegel StartPage" name="block channel section" time="27.328">
<system-out><![CDATA[Given I start Spiegel.......................................................passed
Then I click Akzeptieren und weiter.........................................passed
And I scroll to "block_channel_section" on start page.......................passed
Then I click random article of geschichte_channel...........................passed
Then I click page down 6....................................................passed
Then I click page up 3......................................................passed
Then I go back to "DER SPIEGEL | Online-Nachrichten"........................passed
]]></system-out>
</testcase>
<testcase classname="Spiegel StartPage" name="block channel section 2" time="26.559">
<system-out><![CDATA[Given I start Spiegel.......................................................passed
Then I click Akzeptieren und weiter.........................................passed
And I scroll to "block_channel_section" on start page.......................passed
Then I click random article of netzwelt_channel.............................passed
Then I click page down 6....................................................passed
Then I click page up 3......................................................passed
Then I go back to "DER SPIEGEL | Online-Nachrichten"........................passed
]]></system-out>
</testcase>
<testcase classname="Spiegel StartPage" name="block channel section 3" time="28.095">
<system-out><![CDATA[Given I start Spiegel.......................................................passed
Then I click Akzeptieren und weiter.........................................passed
And I scroll to "block_channel_section" on start page.......................passed
Then I click random article of mobilität_channel............................passed
Then I click page down 6....................................................passed
Then I click page up 3......................................................passed
Then I go back to "DER SPIEGEL | Online-Nachrichten"........................passed
]]></system-out>
</testcase>
<testcase classname="Spiegel StartPage" name="block channel section 4" time="27.407">
<system-out><![CDATA[Given I start Spiegel.......................................................passed
Then I click Akzeptieren und weiter.........................................passed
And I scroll to "block_channel_section" on start page.......................passed
Then I click random article of kultur_channel...............................passed
Then I click page down 6....................................................passed
Then I click page up 3......................................................passed
Then I go back to "DER SPIEGEL | Online-Nachrichten"........................passed
]]></system-out>
</testcase>
<testcase classname="Spiegel StartPage" name="block channel section 5" time="36.097">
<failure message="" type="java.lang.AssertionError"><![CDATA[Given I start Spiegel.......................................................passed
Then I click Akzeptieren und weiter.........................................passed
And I scroll to "block_channel_section" on start page.......................passed
Then I click random article of tests_channel................................passed
Then I click page down 6....................................................passed
Then I click page up 3......................................................passed
Then I go back to "DER SPIEGEL | Online-Nachrichten"........................failed

StackTrace:
java.lang.AssertionError
	at org.junit.Assert.fail(Assert.java:86)
	at org.junit.Assert.assertTrue(Assert.java:41)
	at org.junit.Assert.assertTrue(Assert.java:52)
	at steps.HelperSteps.i_go_back_to(HelperSteps.java:106)
	at ✽.I go back to "DER SPIEGEL | Online-Nachrichten"(file:///C:/MyWorkspace/guineenews/src/test/resources/features/startPage.feature:62)
]]></failure>
</testcase>
<testcase classname="Spiegel StartPage" name="block channel section 6" time="25.98">
<system-out><![CDATA[Given I start Spiegel.......................................................passed
Then I click Akzeptieren und weiter.........................................passed
And I scroll to "block_channel_section" on start page.......................passed
Then I click random article of wissenschaft_channel.........................passed
Then I click page down 6....................................................passed
Then I click page up 3......................................................passed
Then I go back to "DER SPIEGEL | Online-Nachrichten"........................passed
]]></system-out>
</testcase>
<testcase classname="Spiegel StartPage" name="leben section articles" time="41.258">
<failure message="" type="java.lang.AssertionError"><![CDATA[Given I start Spiegel.......................................................passed
Then I click Akzeptieren und weiter.........................................passed
And I scroll to "leben_section" on start page...............................passed
Then I click first article of leben_section.................................passed
Then I click page down 6....................................................passed
Then I click page up 3......................................................passed
Then I go back to "DER SPIEGEL | Online-Nachrichten"........................failed
And I scroll to "leben_section" on start page...............................skipped
Then I scroll to random article of leben_section............................skipped
Then I click random article of leben_section................................skipped
Then I click page down 6....................................................skipped
Then I click page up 3......................................................skipped

StackTrace:
java.lang.AssertionError
	at org.junit.Assert.fail(Assert.java:86)
	at org.junit.Assert.assertTrue(Assert.java:41)
	at org.junit.Assert.assertTrue(Assert.java:52)
	at steps.HelperSteps.i_go_back_to(HelperSteps.java:106)
	at ✽.I go back to "DER SPIEGEL | Online-Nachrichten"(file:///C:/MyWorkspace/guineenews/src/test/resources/features/startPage.feature:79)
]]></failure>
</testcase>
<testcase classname="Spiegel StartPage" name="highligh section" time="26.667">
<system-out><![CDATA[Given I start Spiegel.......................................................passed
Then I click Akzeptieren und weiter.........................................passed
And I scroll to "highlight_section" on start page...........................passed
Then I click first article of highlight_section.............................passed
Then I click page down 15...................................................passed
Then I click page up 15.....................................................passed
Then I go back to "DER SPIEGEL | Online-Nachrichten"........................passed
]]></system-out>
</testcase>
</testsuite>
